- 0:0:0:0:0:0:0:1 - - [22/Jun/2019:12:47:19 +0800] "GET /swagger-ui.html HTTP/1.1" 404 796 0.018
- 0:0:0:0:0:0:0:1 - - [22/Jun/2019:12:47:29 +0800] "GET /main/swagger-ui.html HTTP/1.1" 200 3246 0.070
- 0:0:0:0:0:0:0:1 - - [22/Jun/2019:12:47:30 +0800] "GET /main/webjars/springfox-swagger-ui/css/reset.css HTTP/1.1" 500 7339 1.236
- 0:0:0:0:0:0:0:1 - - [22/Jun/2019:12:47:31 +0800] "GET /main/webjars/springfox-swagger-ui/lib/jquery-1.8.0.min.js HTTP/1.1" 500 7339 2.189
- 0:0:0:0:0:0:0:1 - - [22/Jun/2019:12:47:32 +0800] "GET /main/webjars/springfox-swagger-ui/lib/object-assign-pollyfill.js HTTP/1.1" 500 7339 3.195
- 0:0:0:0:0:0:0:1 - - [22/Jun/2019:12:47:33 +0800] "GET /main/webjars/springfox-swagger-ui/lib/jquery.slideto.min.js HTTP/1.1" 500 7339 4.202
- 0:0:0:0:0:0:0:1 - - [22/Jun/2019:12:47:34 +0800] "GET /main/webjars/springfox-swagger-ui/css/typography.css HTTP/1.1" 500 7339 5.219
- 0:0:0:0:0:0:0:1 - - [22/Jun/2019:12:47:35 +0800] "GET /main/webjars/springfox-swagger-ui/css/screen.css HTTP/1.1" 500 7339 6.220
- 0:0:0:0:0:0:0:1 - - [22/Jun/2019:12:47:36 +0800] "GET /main/webjars/springfox-swagger-ui/lib/backbone-min.js HTTP/1.1" 500 7339 2.010
- 0:0:0:0:0:0:0:1 - - [22/Jun/2019:12:47:37 +0800] "GET /main/webjars/springfox-swagger-ui/lib/lodash.min.js HTTP/1.1" 500 7339 4.026
- 0:0:0:0:0:0:0:1 - - [22/Jun/2019:12:47:38 +0800] "GET /main/webjars/springfox-swagger-ui/lib/handlebars-4.0.5.js HTTP/1.1" 500 7339 6.049
- 0:0:0:0:0:0:0:1 - - [22/Jun/2019:12:47:39 +0800] "GET /main/webjars/springfox-swagger-ui/lib/jquery.ba-bbq.min.js HTTP/1.1" 500 7339 8.047
- 0:0:0:0:0:0:0:1 - - [22/Jun/2019:12:47:40 +0800] "GET /main/webjars/springfox-swagger-ui/lib/jquery.wiggle.min.js HTTP/1.1" 500 7339 10.018
- 0:0:0:0:0:0:0:1 - - [22/Jun/2019:12:47:41 +0800] "GET /main/webjars/springfox-swagger-ui/lib/marked.js HTTP/1.1" 500 7339 2.015
- 0:0:0:0:0:0:0:1 - - [22/Jun/2019:12:47:43 +0800] "GET /main/webjars/springfox-swagger-ui/lib/jsoneditor.min.js HTTP/1.1" 500 7339 4.019
- 0:0:0:0:0:0:0:1 - - [22/Jun/2019:12:47:44 +0800] "GET /main/webjars/springfox-swagger-ui/lib/highlight.9.1.0.pack_extended.js HTTP/1.1" 500 7339 6.035
- 0:0:0:0:0:0:0:1 - - [22/Jun/2019:12:47:45 +0800] "GET /main/webjars/springfox-swagger-ui/lib/highlight.9.1.0.pack.js HTTP/1.1" 500 7339 8.050
- 0:0:0:0:0:0:0:1 - - [22/Jun/2019:12:47:46 +0800] "GET /main/webjars/springfox-swagger-ui/swagger-ui.min.js HTTP/1.1" 500 7339 10.066
- 0:0:0:0:0:0:0:1 - - [22/Jun/2019:12:47:47 +0800] "GET /main/webjars/springfox-swagger-ui/css/print.css HTTP/1.1" 500 7339 2.007
- 0:0:0:0:0:0:0:1 - - [22/Jun/2019:12:47:48 +0800] "GET /main/webjars/springfox-swagger-ui/images/logo_small.png HTTP/1.1" 500 7339 4.013
- 0:0:0:0:0:0:0:1 - - [22/Jun/2019:12:47:49 +0800] "GET /main/webjars/springfox-swagger-ui/lib/jquery-1.8.0.min.js HTTP/1.1" 500 7339 6.033
- 0:0:0:0:0:0:0:1 - - [22/Jun/2019:12:47:50 +0800] "GET /main/webjars/springfox-swagger-ui/springfox.js HTTP/1.1" 500 7339 8.050
- 0:0:0:0:0:0:0:1 - - [22/Jun/2019:12:47:51 +0800] "GET /main/webjars/springfox-swagger-ui/lib/swagger-oauth.js HTTP/1.1" 500 7339 10.066
- 0:0:0:0:0:0:0:1 - - [22/Jun/2019:12:47:52 +0800] "GET /main/webjars/springfox-swagger-ui/lib/jquery.slideto.min.js HTTP/1.1" 500 7339 3.014
- 0:0:0:0:0:0:0:1 - - [22/Jun/2019:12:47:53 +0800] "GET /main/webjars/springfox-swagger-ui/lib/jquery.wiggle.min.js HTTP/1.1" 500 7339 1.022
- 0:0:0:0:0:0:0:1 - - [22/Jun/2019:12:47:54 +0800] "GET /main/webjars/springfox-swagger-ui/lib/jquery.ba-bbq.min.js HTTP/1.1" 500 7339 1.019
- 0:0:0:0:0:0:0:1 - - [22/Jun/2019:12:47:55 +0800] "GET /main/webjars/springfox-swagger-ui/lib/handlebars-4.0.5.js HTTP/1.1" 500 7339 1.018
- 0:0:0:0:0:0:0:1 - - [22/Jun/2019:12:47:56 +0800] "GET /main/webjars/springfox-swagger-ui/lib/lodash.min.js HTTP/1.1" 500 7339 1.015
- 0:0:0:0:0:0:0:1 - - [22/Jun/2019:12:47:57 +0800] "GET /main/webjars/springfox-swagger-ui/lib/backbone-min.js HTTP/1.1" 500 7339 1.020
- 0:0:0:0:0:0:0:1 - - [22/Jun/2019:12:47:58 +0800] "GET /main/webjars/springfox-swagger-ui/swagger-ui.min.js HTTP/1.1" 500 7339 1.027
- 0:0:0:0:0:0:0:1 - - [22/Jun/2019:12:47:59 +0800] "GET /main/webjars/springfox-swagger-ui/lib/highlight.9.1.0.pack.js HTTP/1.1" 500 7339 1.013
- 0:0:0:0:0:0:0:1 - - [22/Jun/2019:12:48:00 +0800] "GET /main/webjars/springfox-swagger-ui/lib/highlight.9.1.0.pack_extended.js HTTP/1.1" 500 7339 1.017
- 0:0:0:0:0:0:0:1 - - [22/Jun/2019:12:48:01 +0800] "GET /main/webjars/springfox-swagger-ui/lib/jsoneditor.min.js HTTP/1.1" 500 7339 1.006
- 0:0:0:0:0:0:0:1 - - [22/Jun/2019:12:48:02 +0800] "GET /main/webjars/springfox-swagger-ui/lib/marked.js HTTP/1.1" 500 7339 1.012
- 0:0:0:0:0:0:0:1 - - [22/Jun/2019:12:48:03 +0800] "GET /main/webjars/springfox-swagger-ui/lib/swagger-oauth.js HTTP/1.1" 500 7339 1.020
- 0:0:0:0:0:0:0:1 - - [22/Jun/2019:12:48:04 +0800] "GET /main/webjars/springfox-swagger-ui/springfox.js HTTP/1.1" 500 7339 1.013
- 0:0:0:0:0:0:0:1 - - [22/Jun/2019:12:48:05 +0800] "GET /main/webjars/springfox-swagger-ui/images/favicon-32x32.png HTTP/1.1" 500 7339 1.013
- 0:0:0:0:0:0:0:1 - - [22/Jun/2019:12:48:06 +0800] "GET /main/webjars/springfox-swagger-ui/images/favicon-16x16.png HTTP/1.1" 500 7339 1.017
- 0:0:0:0:0:0:0:1 - - [22/Jun/2019:12:50:28 +0800] "GET /main/swagger-ui.html HTTP/1.1" 500 7339 1.253
- 0:0:0:0:0:0:0:1 - - [22/Jun/2019:12:50:28 +0800] "GET /favicon.ico HTTP/1.1" 404 796 0.007
- 0:0:0:0:0:0:0:1 - - [22/Jun/2019:12:51:59 +0800] "GET /main/swagger-ui.html HTTP/1.1" 500 7339 1.236
- 0:0:0:0:0:0:0:1 - - [22/Jun/2019:12:53:20 +0800] "GET /main/swagger-ui.html HTTP/1.1" 500 7339 1.253
- 0:0:0:0:0:0:0:1 - - [22/Jun/2019:12:54:40 +0800] "GET /main/swagger-ui.html HTTP/1.1" 200 3246 0.061
- 0:0:0:0:0:0:0:1 - - [22/Jun/2019:12:54:41 +0800] "GET /main/webjars/springfox-swagger-ui/lib/jquery.slideto.min.js HTTP/1.1" 500 7339 1.236
- 0:0:0:0:0:0:0:1 - - [22/Jun/2019:12:54:42 +0800] "GET /main/webjars/springfox-swagger-ui/css/screen.css HTTP/1.1" 500 7339 2.176
- 0:0:0:0:0:0:0:1 - - [22/Jun/2019:12:54:43 +0800] "GET /main/webjars/springfox-swagger-ui/lib/object-assign-pollyfill.js HTTP/1.1" 500 7339 3.184
- 0:0:0:0:0:0:0:1 - - [22/Jun/2019:12:54:44 +0800] "GET /main/webjars/springfox-swagger-ui/css/reset.css HTTP/1.1" 500 7339 4.197
- 0:0:0:0:0:0:0:1 - - [22/Jun/2019:12:54:45 +0800] "GET /main/webjars/springfox-swagger-ui/css/typography.css HTTP/1.1" 500 7339 5.215
- 0:0:0:0:0:0:0:1 - - [22/Jun/2019:12:54:46 +0800] "GET /main/webjars/springfox-swagger-ui/lib/jquery-1.8.0.min.js HTTP/1.1" 500 7339 6.217
- 0:0:0:0:0:0:0:1 - - [22/Jun/2019:12:54:47 +0800] "GET /main/webjars/springfox-swagger-ui/lib/backbone-min.js HTTP/1.1" 500 7339 2.013
- 0:0:0:0:0:0:0:1 - - [22/Jun/2019:12:54:48 +0800] "GET /main/webjars/springfox-swagger-ui/lib/lodash.min.js HTTP/1.1" 500 7339 4.038
- 0:0:0:0:0:0:0:1 - - [22/Jun/2019:12:54:49 +0800] "GET /main/webjars/springfox-swagger-ui/lib/handlebars-4.0.5.js HTTP/1.1" 500 7339 6.063
- 0:0:0:0:0:0:0:1 - - [22/Jun/2019:12:54:50 +0800] "GET /main/webjars/springfox-swagger-ui/lib/jquery.ba-bbq.min.js HTTP/1.1" 500 7339 8.083
- 0:0:0:0:0:0:0:1 - - [22/Jun/2019:12:54:51 +0800] "GET /main/webjars/springfox-swagger-ui/lib/jquery.wiggle.min.js HTTP/1.1" 500 7339 10.024
- 0:0:0:0:0:0:0:1 - - [22/Jun/2019:12:54:52 +0800] "GET /main/webjars/springfox-swagger-ui/lib/swagger-oauth.js HTTP/1.1" 500 7339 2.005
- 0:0:0:0:0:0:0:1 - - [22/Jun/2019:12:54:53 +0800] "GET /main/webjars/springfox-swagger-ui/lib/marked.js HTTP/1.1" 500 7339 4.023
- 0:0:0:0:0:0:0:1 - - [22/Jun/2019:12:54:54 +0800] "GET /main/webjars/springfox-swagger-ui/lib/highlight.9.1.0.pack_extended.js HTTP/1.1" 500 7339 6.036
- 0:0:0:0:0:0:0:1 - - [22/Jun/2019:12:54:55 +0800] "GET /main/webjars/springfox-swagger-ui/lib/highlight.9.1.0.pack.js HTTP/1.1" 500 7339 8.051
- 0:0:0:0:0:0:0:1 - - [22/Jun/2019:12:54:56 +0800] "GET /main/webjars/springfox-swagger-ui/swagger-ui.min.js HTTP/1.1" 500 7339 10.073
- 0:0:0:0:0:0:0:1 - - [22/Jun/2019:12:54:57 +0800] "GET /main/webjars/springfox-swagger-ui/css/print.css HTTP/1.1" 500 7339 2.019
- 0:0:0:0:0:0:0:1 - - [22/Jun/2019:12:54:58 +0800] "GET /main/webjars/springfox-swagger-ui/images/logo_small.png HTTP/1.1" 500 7339 4.025
- 0:0:0:0:0:0:0:1 - - [22/Jun/2019:12:55:00 +0800] "GET /main/webjars/springfox-swagger-ui/lib/jquery.slideto.min.js HTTP/1.1" 500 7339 6.044
- 0:0:0:0:0:0:0:1 - - [22/Jun/2019:12:55:01 +0800] "GET /main/webjars/springfox-swagger-ui/springfox.js HTTP/1.1" 500 7339 8.055
- 0:0:0:0:0:0:0:1 - - [22/Jun/2019:12:55:02 +0800] "GET /main/webjars/springfox-swagger-ui/lib/jsoneditor.min.js HTTP/1.1" 500 7339 10.065
- 0:0:0:0:0:0:0:1 - - [22/Jun/2019:12:55:03 +0800] "GET /main/webjars/springfox-swagger-ui/lib/jquery.wiggle.min.js HTTP/1.1" 500 7339 3.004
- 0:0:0:0:0:0:0:1 - - [22/Jun/2019:12:55:04 +0800] "GET /main/webjars/springfox-swagger-ui/lib/jquery.ba-bbq.min.js HTTP/1.1" 500 7339 1.021
- 0:0:0:0:0:0:0:1 - - [22/Jun/2019:12:55:05 +0800] "GET /main/webjars/springfox-swagger-ui/lib/handlebars-4.0.5.js HTTP/1.1" 500 7339 1.019
- 0:0:0:0:0:0:0:1 - - [22/Jun/2019:12:55:06 +0800] "GET /main/webjars/springfox-swagger-ui/lib/lodash.min.js HTTP/1.1" 500 7339 1.020
- 0:0:0:0:0:0:0:1 - - [22/Jun/2019:12:55:07 +0800] "GET /main/webjars/springfox-swagger-ui/lib/backbone-min.js HTTP/1.1" 500 7339 1.017
- 0:0:0:0:0:0:0:1 - - [22/Jun/2019:12:55:08 +0800] "GET /main/webjars/springfox-swagger-ui/swagger-ui.min.js HTTP/1.1" 500 7339 1.016
- 0:0:0:0:0:0:0:1 - - [22/Jun/2019:12:55:09 +0800] "GET /main/webjars/springfox-swagger-ui/lib/highlight.9.1.0.pack.js HTTP/1.1" 500 7339 1.018
- 0:0:0:0:0:0:0:1 - - [22/Jun/2019:12:55:10 +0800] "GET /main/webjars/springfox-swagger-ui/lib/highlight.9.1.0.pack_extended.js HTTP/1.1" 500 7339 1.014
- 0:0:0:0:0:0:0:1 - - [22/Jun/2019:12:55:11 +0800] "GET /main/webjars/springfox-swagger-ui/lib/jsoneditor.min.js HTTP/1.1" 500 7339 1.014
- 0:0:0:0:0:0:0:1 - - [22/Jun/2019:12:55:12 +0800] "GET /main/webjars/springfox-swagger-ui/lib/marked.js HTTP/1.1" 500 7339 1.019
- 0:0:0:0:0:0:0:1 - - [22/Jun/2019:12:55:13 +0800] "GET /main/webjars/springfox-swagger-ui/lib/swagger-oauth.js HTTP/1.1" 500 7339 1.017
- 0:0:0:0:0:0:0:1 - - [22/Jun/2019:12:55:14 +0800] "GET /main/webjars/springfox-swagger-ui/springfox.js HTTP/1.1" 500 7339 1.015
- 0:0:0:0:0:0:0:1 - - [22/Jun/2019:12:55:15 +0800] "GET /main/webjars/springfox-swagger-ui/images/favicon-32x32.png HTTP/1.1" 500 7339 1.018
- 0:0:0:0:0:0:0:1 - - [22/Jun/2019:12:55:16 +0800] "GET /main/webjars/springfox-swagger-ui/images/favicon-16x16.png HTTP/1.1" 500 7339 1.015
- 0:0:0:0:0:0:0:1 - - [22/Jun/2019:12:57:48 +0800] "GET /main/swagger-ui.html HTTP/1.1" 304 - 0.058
- 0:0:0:0:0:0:0:1 - - [22/Jun/2019:12:57:56 +0800] "GET /main/webjars/springfox-swagger-ui/lib/object-assign-pollyfill.js HTTP/1.1" 500 7339 7.266
- 0:0:0:0:0:0:0:1 - - [22/Jun/2019:12:57:57 +0800] "GET /main/webjars/springfox-swagger-ui/css/screen.css HTTP/1.1" 500 7339 8.205
- 0:0:0:0:0:0:0:1 - - [22/Jun/2019:12:57:58 +0800] "GET /main/webjars/springfox-swagger-ui/lib/jquery.slideto.min.js HTTP/1.1" 500 7339 9.213
- 0:0:0:0:0:0:0:1 - - [22/Jun/2019:12:57:59 +0800] "GET /main/webjars/springfox-swagger-ui/css/reset.css HTTP/1.1" 500 7339 10.220
- 0:0:0:0:0:0:0:1 - - [22/Jun/2019:12:58:00 +0800] "GET /main/webjars/springfox-swagger-ui/css/typography.css HTTP/1.1" 500 7339 11.224
- 0:0:0:0:0:0:0:1 - - [22/Jun/2019:12:58:05 +0800] "GET /main/webjars/springfox-swagger-ui/lib/jquery-1.8.0.min.js HTTP/1.1" 500 7339 16.264
- 0:0:0:0:0:0:0:1 - - [22/Jun/2019:12:58:06 +0800] "GET /main/webjars/springfox-swagger-ui/lib/jquery.ba-bbq.min.js HTTP/1.1" 500 7339 10.003
- 0:0:0:0:0:0:0:1 - - [22/Jun/2019:12:58:07 +0800] "GET /main/webjars/springfox-swagger-ui/lib/handlebars-4.0.5.js HTTP/1.1" 500 7339 10.073
- 0:0:0:0:0:0:0:1 - - [22/Jun/2019:12:58:08 +0800] "GET /main/webjars/springfox-swagger-ui/lib/lodash.min.js HTTP/1.1" 500 7339 10.070
- 0:0:0:0:0:0:0:1 - - [22/Jun/2019:12:58:09 +0800] "GET /main/webjars/springfox-swagger-ui/lib/backbone-min.js HTTP/1.1" 500 7339 10.069
- 0:0:0:0:0:0:0:1 - - [22/Jun/2019:12:58:16 +0800] "GET /main/webjars/springfox-swagger-ui/lib/highlight.9.1.0.pack_extended.js HTTP/1.1" 500 7339 10.059
- 0:0:0:0:0:0:0:1 - - [22/Jun/2019:12:58:17 +0800] "GET /main/webjars/springfox-swagger-ui/lib/jsoneditor.min.js HTTP/1.1" 500 7339 10.056
- 0:0:0:0:0:0:0:1 - - [22/Jun/2019:12:58:18 +0800] "GET /main/webjars/springfox-swagger-ui/lib/marked.js HTTP/1.1" 500 7339 10.050
- 0:0:0:0:0:0:0:1 - - [22/Jun/2019:12:58:19 +0800] "GET /main/webjars/springfox-swagger-ui/springfox.js HTTP/1.1" 500 7339 10.055
- 0:0:0:0:0:0:0:1 - - [22/Jun/2019:12:58:20 +0800] "GET /main/webjars/springfox-swagger-ui/swagger-ui.min.js HTTP/1.1" 500 7339 20.129
- 0:0:0:0:0:0:0:1 - - [22/Jun/2019:12:58:25 +0800] "GET /main/webjars/springfox-swagger-ui/lib/highlight.9.1.0.pack.js HTTP/1.1" 500 7339 20.120
- 0:0:0:0:0:0:0:1 - - [22/Jun/2019:12:58:26 +0800] "GET /main/webjars/springfox-swagger-ui/lib/jquery.wiggle.min.js HTTP/1.1" 500 7339 10.066
- 0:0:0:0:0:0:0:1 - - [22/Jun/2019:12:58:27 +0800] "GET /main/webjars/springfox-swagger-ui/lib/swagger-oauth.js HTTP/1.1" 500 7339 10.064
- 0:0:0:0:0:0:0:1 - - [22/Jun/2019:12:58:28 +0800] "GET /main/webjars/springfox-swagger-ui/lib/jquery.slideto.min.js HTTP/1.1" 500 7339 10.069
- 0:0:0:0:0:0:0:1 - - [22/Jun/2019:12:58:29 +0800] "GET /main/webjars/springfox-swagger-ui/images/logo_small.png HTTP/1.1" 500 7339 10.068
- 0:0:0:0:0:0:0:1 - - [22/Jun/2019:12:58:32 +0800] "GET /main/webjars/springfox-swagger-ui/css/print.css HTTP/1.1" 500 7339 12.083
- 0:0:0:0:0:0:0:1 - - [22/Jun/2019:12:58:33 +0800] "GET /main/webjars/springfox-swagger-ui/lib/jquery.wiggle.min.js HTTP/1.1" 500 7339 5.026
- 0:0:0:0:0:0:0:1 - - [22/Jun/2019:12:58:35 +0800] "GET /main/webjars/springfox-swagger-ui/lib/jquery.ba-bbq.min.js HTTP/1.1" 500 7339 2.018
- 0:0:0:0:0:0:0:1 - - [22/Jun/2019:12:58:37 +0800] "GET /main/webjars/springfox-swagger-ui/lib/handlebars-4.0.5.js HTTP/1.1" 500 7339 2.021
- 0:0:0:0:0:0:0:1 - - [22/Jun/2019:12:58:39 +0800] "GET /main/webjars/springfox-swagger-ui/lib/lodash.min.js HTTP/1.1" 500 7339 2.025
- 0:0:0:0:0:0:0:1 - - [22/Jun/2019:12:58:41 +0800] "GET /main/webjars/springfox-swagger-ui/lib/backbone-min.js HTTP/1.1" 500 7339 2.014
- 0:0:0:0:0:0:0:1 - - [22/Jun/2019:12:59:07 +0800] "GET /main/swagger-ui.html HTTP/1.1" 304 - 0.054
- 0:0:0:0:0:0:0:1 - - [22/Jun/2019:12:59:14 +0800] "GET /main/webjars/springfox-swagger-ui/css/reset.css HTTP/1.1" 500 7339 7.213
- 0:0:0:0:0:0:0:1 - - [22/Jun/2019:12:59:15 +0800] "GET /main/webjars/springfox-swagger-ui/css/typography.css HTTP/1.1" 500 7339 8.182
- 0:0:0:0:0:0:0:1 - - [22/Jun/2019:12:59:16 +0800] "GET /main/webjars/springfox-swagger-ui/css/screen.css HTTP/1.1" 500 7339 9.182
- 0:0:0:0:0:0:0:1 - - [22/Jun/2019:12:59:17 +0800] "GET /main/webjars/springfox-swagger-ui/lib/jquery.slideto.min.js HTTP/1.1" 500 7339 10.185
- 0:0:0:0:0:0:0:1 - - [22/Jun/2019:12:59:18 +0800] "GET /main/webjars/springfox-swagger-ui/lib/object-assign-pollyfill.js HTTP/1.1" 500 7339 11.195
- 0:0:0:0:0:0:0:1 - - [22/Jun/2019:12:59:23 +0800] "GET /main/webjars/springfox-swagger-ui/lib/jquery-1.8.0.min.js HTTP/1.1" 500 7339 16.240
- 0:0:0:0:0:0:0:1 - - [22/Jun/2019:12:59:24 +0800] "GET /main/webjars/springfox-swagger-ui/lib/jquery.wiggle.min.js HTTP/1.1" 500 7339 10.028
- 0:0:0:0:0:0:0:1 - - [22/Jun/2019:12:59:25 +0800] "GET /main/webjars/springfox-swagger-ui/lib/jquery.ba-bbq.min.js HTTP/1.1" 500 7339 10.072
- 0:0:0:0:0:0:0:1 - - [22/Jun/2019:12:59:26 +0800] "GET /main/webjars/springfox-swagger-ui/lib/handlebars-4.0.5.js HTTP/1.1" 500 7339 10.073
- 0:0:0:0:0:0:0:1 - - [22/Jun/2019:12:59:27 +0800] "GET /main/webjars/springfox-swagger-ui/lib/lodash.min.js HTTP/1.1" 500 7339 10.077
- 0:0:0:0:0:0:0:1 - - [22/Jun/2019:12:59:34 +0800] "GET /main/webjars/springfox-swagger-ui/lib/highlight.9.1.0.pack.js HTTP/1.1" 500 7339 10.073
- 0:0:0:0:0:0:0:1 - - [22/Jun/2019:12:59:35 +0800] "GET /main/webjars/springfox-swagger-ui/lib/highlight.9.1.0.pack_extended.js HTTP/1.1" 500 7339 10.068
- 0:0:0:0:0:0:0:1 - - [22/Jun/2019:12:59:36 +0800] "GET /main/webjars/springfox-swagger-ui/lib/jsoneditor.min.js HTTP/1.1" 500 7339 10.065
- 0:0:0:0:0:0:0:1 - - [22/Jun/2019:12:59:37 +0800] "GET /main/webjars/springfox-swagger-ui/lib/marked.js HTTP/1.1" 500 7339 10.061
- 0:0:0:0:0:0:0:1 - - [22/Jun/2019:12:59:38 +0800] "GET /main/webjars/springfox-swagger-ui/lib/backbone-min.js HTTP/1.1" 500 7339 20.136
- 0:0:0:0:0:0:0:1 - - [22/Jun/2019:12:59:43 +0800] "GET /main/webjars/springfox-swagger-ui/swagger-ui.min.js HTTP/1.1" 500 7339 20.119
- 0:0:0:0:0:0:0:1 - - [22/Jun/2019:12:59:44 +0800] "GET /main/webjars/springfox-swagger-ui/lib/swagger-oauth.js HTTP/1.1" 500 7339 10.048
- 0:0:0:0:0:0:0:1 - - [22/Jun/2019:12:59:45 +0800] "GET /main/webjars/springfox-swagger-ui/springfox.js HTTP/1.1" 500 7339 10.047
- 0:0:0:0:0:0:0:1 - - [22/Jun/2019:12:59:46 +0800] "GET /main/webjars/springfox-swagger-ui/lib/jquery.slideto.min.js HTTP/1.1" 500 7339 10.053
- 0:0:0:0:0:0:0:1 - - [22/Jun/2019:12:59:47 +0800] "GET /main/webjars/springfox-swagger-ui/images/logo_small.png HTTP/1.1" 500 7339 10.048
- 0:0:0:0:0:0:0:1 - - [22/Jun/2019:12:59:50 +0800] "GET /main/webjars/springfox-swagger-ui/css/print.css HTTP/1.1" 500 7339 12.066
- 0:0:0:0:0:0:0:1 - - [22/Jun/2019:12:59:51 +0800] "GET /main/webjars/springfox-swagger-ui/lib/jquery.wiggle.min.js HTTP/1.1" 500 7339 5.016
- 0:0:0:0:0:0:0:1 - - [22/Jun/2019:12:59:53 +0800] "GET /main/webjars/springfox-swagger-ui/lib/jquery.ba-bbq.min.js HTTP/1.1" 500 7339 2.024
- 0:0:0:0:0:0:0:1 - - [22/Jun/2019:12:59:55 +0800] "GET /main/webjars/springfox-swagger-ui/lib/handlebars-4.0.5.js HTTP/1.1" 500 7339 2.023
- 0:0:0:0:0:0:0:1 - - [22/Jun/2019:12:59:57 +0800] "GET /main/webjars/springfox-swagger-ui/lib/lodash.min.js HTTP/1.1" 500 7339 2.020
- 0:0:0:0:0:0:0:1 - - [22/Jun/2019:12:59:59 +0800] "GET /main/webjars/springfox-swagger-ui/lib/backbone-min.js HTTP/1.1" 500 7339 2.022
- 0:0:0:0:0:0:0:1 - - [22/Jun/2019:13:00:01 +0800] "GET /main/webjars/springfox-swagger-ui/swagger-ui.min.js HTTP/1.1" 500 7339 2.019
- 0:0:0:0:0:0:0:1 - - [22/Jun/2019:13:00:03 +0800] "GET /main/webjars/springfox-swagger-ui/lib/highlight.9.1.0.pack.js HTTP/1.1" 500 7339 2.019
- 0:0:0:0:0:0:0:1 - - [22/Jun/2019:13:00:05 +0800] "GET /main/webjars/springfox-swagger-ui/lib/highlight.9.1.0.pack_extended.js HTTP/1.1" 500 7339 2.015
- 0:0:0:0:0:0:0:1 - - [22/Jun/2019:13:00:07 +0800] "GET /main/webjars/springfox-swagger-ui/lib/jsoneditor.min.js HTTP/1.1" 500 7339 2.015
- 0:0:0:0:0:0:0:1 - - [22/Jun/2019:13:00:09 +0800] "GET /main/webjars/springfox-swagger-ui/lib/marked.js HTTP/1.1" 500 7339 2.014
- 0:0:0:0:0:0:0:1 - - [22/Jun/2019:13:00:11 +0800] "GET /main/webjars/springfox-swagger-ui/lib/swagger-oauth.js HTTP/1.1" 500 7339 2.010
- 0:0:0:0:0:0:0:1 - - [22/Jun/2019:13:00:13 +0800] "GET /main/webjars/springfox-swagger-ui/springfox.js HTTP/1.1" 500 7339 2.012
- 0:0:0:0:0:0:0:1 - - [22/Jun/2019:13:00:40 +0800] "GET /main/swagger-ui.html HTTP/1.1" 304 - 0.054
- 0:0:0:0:0:0:0:1 - - [22/Jun/2019:13:00:47 +0800] "GET /main/webjars/springfox-swagger-ui/css/typography.css HTTP/1.1" 500 7339 7.279
- 0:0:0:0:0:0:0:1 - - [22/Jun/2019:13:00:48 +0800] "GET /main/webjars/springfox-swagger-ui/css/screen.css HTTP/1.1" 500 7339 8.209
- 0:0:0:0:0:0:0:1 - - [22/Jun/2019:13:00:49 +0800] "GET /main/webjars/springfox-swagger-ui/lib/jquery.slideto.min.js HTTP/1.1" 500 7339 9.214
- 0:0:0:0:0:0:0:1 - - [22/Jun/2019:13:00:50 +0800] "GET /main/webjars/springfox-swagger-ui/css/reset.css HTTP/1.1" 500 7339 10.221
- 0:0:0:0:0:0:0:1 - - [22/Jun/2019:13:00:51 +0800] "GET /main/webjars/springfox-swagger-ui/lib/object-assign-pollyfill.js HTTP/1.1" 500 7339 11.226
- 0:0:0:0:0:0:0:1 - - [22/Jun/2019:13:00:56 +0800] "GET /main/webjars/springfox-swagger-ui/lib/jquery-1.8.0.min.js HTTP/1.1" 500 7339 16.270
- 0:0:0:0:0:0:0:1 - - [22/Jun/2019:13:00:57 +0800] "GET /main/webjars/springfox-swagger-ui/lib/jquery.wiggle.min.js HTTP/1.1" 500 7339 10.041
- 0:0:0:0:0:0:0:1 - - [22/Jun/2019:13:00:58 +0800] "GET /main/webjars/springfox-swagger-ui/lib/handlebars-4.0.5.js HTTP/1.1" 500 7339 10.073
- 0:0:0:0:0:0:0:1 - - [22/Jun/2019:13:00:59 +0800] "GET /main/webjars/springfox-swagger-ui/lib/lodash.min.js HTTP/1.1" 500 7339 10.076
- 0:0:0:0:0:0:0:1 - - [22/Jun/2019:13:01:00 +0800] "GET /main/webjars/springfox-swagger-ui/lib/backbone-min.js HTTP/1.1" 500 7339 10.079
- 0:0:0:0:0:0:0:1 - - [22/Jun/2019:13:01:07 +0800] "GET /main/webjars/springfox-swagger-ui/lib/highlight.9.1.0.pack_extended.js HTTP/1.1" 500 7339 10.072
- 0:0:0:0:0:0:0:1 - - [22/Jun/2019:13:01:08 +0800] "GET /main/webjars/springfox-swagger-ui/lib/jsoneditor.min.js HTTP/1.1" 500 7339 10.069
- 0:0:0:0:0:0:0:1 - - [22/Jun/2019:13:01:09 +0800] "GET /main/webjars/springfox-swagger-ui/lib/marked.js HTTP/1.1" 500 7339 10.068
- 0:0:0:0:0:0:0:1 - - [22/Jun/2019:13:01:10 +0800] "GET /main/webjars/springfox-swagger-ui/lib/swagger-oauth.js HTTP/1.1" 500 7339 10.062
- 0:0:0:0:0:0:0:1 - - [22/Jun/2019:13:01:11 +0800] "GET /main/webjars/springfox-swagger-ui/swagger-ui.min.js HTTP/1.1" 500 7339 20.146
- 0:0:0:0:0:0:0:1 - - [22/Jun/2019:13:01:16 +0800] "GET /main/webjars/springfox-swagger-ui/lib/highlight.9.1.0.pack.js HTTP/1.1" 500 7339 20.131
- 0:0:0:0:0:0:0:1 - - [22/Jun/2019:13:01:17 +0800] "GET /main/webjars/springfox-swagger-ui/springfox.js HTTP/1.1" 500 7339 10.048
- 0:0:0:0:0:0:0:1 - - [22/Jun/2019:13:01:18 +0800] "GET /main/webjars/springfox-swagger-ui/lib/jquery.ba-bbq.min.js HTTP/1.1" 500 7339 10.048
- 0:0:0:0:0:0:0:1 - - [22/Jun/2019:13:01:19 +0800] "GET /main/webjars/springfox-swagger-ui/lib/jquery.slideto.min.js HTTP/1.1" 500 7339 10.049
- 0:0:0:0:0:0:0:1 - - [22/Jun/2019:13:01:20 +0800] "GET /main/webjars/springfox-swagger-ui/images/logo_small.png HTTP/1.1" 500 7339 10.048
- 0:0:0:0:0:0:0:1 - - [22/Jun/2019:13:01:23 +0800] "GET /main/webjars/springfox-swagger-ui/css/print.css HTTP/1.1" 500 7339 12.057
- 0:0:0:0:0:0:0:1 - - [22/Jun/2019:13:01:24 +0800] "GET /main/webjars/springfox-swagger-ui/lib/jquery.wiggle.min.js HTTP/1.1" 500 7339 5.020
- 0:0:0:0:0:0:0:1 - - [22/Jun/2019:13:01:26 +0800] "GET /main/webjars/springfox-swagger-ui/lib/jquery.ba-bbq.min.js HTTP/1.1" 500 7339 2.013
- 0:0:0:0:0:0:0:1 - - [22/Jun/2019:13:01:28 +0800] "GET /main/webjars/springfox-swagger-ui/lib/handlebars-4.0.5.js HTTP/1.1" 500 7339 2.015
- 0:0:0:0:0:0:0:1 - - [22/Jun/2019:13:01:30 +0800] "GET /main/webjars/springfox-swagger-ui/lib/lodash.min.js HTTP/1.1" 500 7339 2.014
- 0:0:0:0:0:0:0:1 - - [22/Jun/2019:13:01:32 +0800] "GET /main/webjars/springfox-swagger-ui/lib/backbone-min.js HTTP/1.1" 500 7339 2.017
- 0:0:0:0:0:0:0:1 - - [22/Jun/2019:13:01:34 +0800] "GET /main/webjars/springfox-swagger-ui/swagger-ui.min.js HTTP/1.1" 500 7339 2.019
- 0:0:0:0:0:0:0:1 - - [22/Jun/2019:13:01:36 +0800] "GET /main/webjars/springfox-swagger-ui/lib/highlight.9.1.0.pack.js HTTP/1.1" 500 7339 2.018
- 0:0:0:0:0:0:0:1 - - [22/Jun/2019:13:01:38 +0800] "GET /main/webjars/springfox-swagger-ui/lib/highlight.9.1.0.pack_extended.js HTTP/1.1" 500 7339 2.021
- 0:0:0:0:0:0:0:1 - - [22/Jun/2019:13:01:40 +0800] "GET /main/webjars/springfox-swagger-ui/lib/jsoneditor.min.js HTTP/1.1" 500 7339 2.017
- 0:0:0:0:0:0:0:1 - - [22/Jun/2019:13:01:42 +0800] "GET /main/webjars/springfox-swagger-ui/lib/marked.js HTTP/1.1" 500 7339 2.013
- 0:0:0:0:0:0:0:1 - - [22/Jun/2019:13:01:44 +0800] "GET /main/webjars/springfox-swagger-ui/lib/swagger-oauth.js HTTP/1.1" 500 7339 2.012
- 0:0:0:0:0:0:0:1 - - [22/Jun/2019:13:01:46 +0800] "GET /main/webjars/springfox-swagger-ui/springfox.js HTTP/1.1" 500 7339 2.017
- 0:0:0:0:0:0:0:1 - - [22/Jun/2019:13:01:48 +0800] "GET /main/webjars/springfox-swagger-ui/images/favicon-32x32.png HTTP/1.1" 500 7339 2.022
- 0:0:0:0:0:0:0:1 - - [22/Jun/2019:13:01:51 +0800] "GET /main/webjars/springfox-swagger-ui/images/favicon-16x16.png HTTP/1.1" 500 7339 2.043
- 0:0:0:0:0:0:0:1 - - [22/Jun/2019:13:03:16 +0800] "GET /main/swagger-ui.html HTTP/1.1" 304 - 0.054
- 0:0:0:0:0:0:0:1 - - [22/Jun/2019:13:03:17 +0800] "GET /main/webjars/springfox-swagger-ui/css/reset.css HTTP/1.1" 200 1066 0.171
- 0:0:0:0:0:0:0:1 - - [22/Jun/2019:13:03:17 +0800] "GET /main/webjars/springfox-swagger-ui/lib/object-assign-pollyfill.js HTTP/1.1" 200 692 0.169
- 0:0:0:0:0:0:0:1 - - [22/Jun/2019:13:03:17 +0800] "GET /main/webjars/springfox-swagger-ui/css/screen.css HTTP/1.1" 200 49189 0.170
- 0:0:0:0:0:0:0:1 - - [22/Jun/2019:13:03:17 +0800] "GET /main/webjars/springfox-swagger-ui/lib/jquery-1.8.0.min.js HTTP/1.1" 200 92555 0.170
- 0:0:0:0:0:0:0:1 - - [22/Jun/2019:13:03:17 +0800] "GET /main/webjars/springfox-swagger-ui/lib/jquery.slideto.min.js HTTP/1.1" 200 369 0.170
- 0:0:0:0:0:0:0:1 - - [22/Jun/2019:13:03:17 +0800] "GET /main/webjars/springfox-swagger-ui/css/typography.css HTTP/1.1" 200 450 0.174
- 0:0:0:0:0:0:0:1 - - [22/Jun/2019:13:03:17 +0800] "GET /main/webjars/springfox-swagger-ui/lib/jquery.wiggle.min.js HTTP/1.1" 200 762 0.013
- 0:0:0:0:0:0:0:1 - - [22/Jun/2019:13:03:17 +0800] "GET /main/webjars/springfox-swagger-ui/lib/highlight.9.1.0.pack.js HTTP/1.1" 200 11037 0.015
- 0:0:0:0:0:0:0:1 - - [22/Jun/2019:13:03:17 +0800] "GET /main/webjars/springfox-swagger-ui/lib/lodash.min.js HTTP/1.1" 200 52646 0.015
- 0:0:0:0:0:0:0:1 - - [22/Jun/2019:13:03:17 +0800] "GET /main/webjars/springfox-swagger-ui/lib/backbone-min.js HTTP/1.1" 200 20390 0.015
- 0:0:0:0:0:0:0:1 - - [22/Jun/2019:13:03:17 +0800] "GET /main/webjars/springfox-swagger-ui/lib/jquery.ba-bbq.min.js HTTP/1.1" 200 4119 0.019
- 0:0:0:0:0:0:0:1 - - [22/Jun/2019:13:03:17 +0800] "GET /main/webjars/springfox-swagger-ui/lib/highlight.9.1.0.pack_extended.js HTTP/1.1" 200 1025 0.016
- 0:0:0:0:0:0:0:1 - - [22/Jun/2019:13:03:17 +0800] "GET /main/webjars/springfox-swagger-ui/swagger-ui.min.js HTTP/1.1" 200 447004 0.034
- 0:0:0:0:0:0:0:1 - - [22/Jun/2019:13:03:17 +0800] "GET /main/webjars/springfox-swagger-ui/lib/swagger-oauth.js HTTP/1.1" 200 11615 0.019
- 0:0:0:0:0:0:0:1 - - [22/Jun/2019:13:03:17 +0800] "GET /main/webjars/springfox-swagger-ui/lib/marked.js HTTP/1.1" 200 28156 0.019
- 0:0:0:0:0:0:0:1 - - [22/Jun/2019:13:03:17 +0800] "GET /main/webjars/springfox-swagger-ui/lib/jsoneditor.min.js HTTP/1.1" 200 130042 0.035
- 0:0:0:0:0:0:0:1 - - [22/Jun/2019:13:03:17 +0800] "GET /main/webjars/springfox-swagger-ui/springfox.js HTTP/1.1" 200 3634 0.025
- 0:0:0:0:0:0:0:1 - - [22/Jun/2019:13:03:17 +0800] "GET /main/webjars/springfox-swagger-ui/lib/handlebars-4.0.5.js HTTP/1.1" 200 159587 0.024
- 0:0:0:0:0:0:0:1 - - [22/Jun/2019:13:03:17 +0800] "GET /main/webjars/springfox-swagger-ui/images/logo_small.png HTTP/1.1" 200 455 0.015
- 0:0:0:0:0:0:0:1 - - [22/Jun/2019:13:03:17 +0800] "GET /main/webjars/springfox-swagger-ui/css/print.css HTTP/1.1" 200 46684 0.010
- 0:0:0:0:0:0:0:1 - - [22/Jun/2019:13:03:17 +0800] "GET /main/swagger-resources/configuration/ui HTTP/1.1" 200 238 0.052
- 0:0:0:0:0:0:0:1 - - [22/Jun/2019:13:03:17 +0800] "GET /main/swagger-resources HTTP/1.1" 200 80 0.012
- 0:0:0:0:0:0:0:1 - - [22/Jun/2019:13:03:17 +0800] "GET /main/webjars/springfox-swagger-ui/fonts/DroidSans-Bold.ttf HTTP/1.1" 500 316 0.101
- 0:0:0:0:0:0:0:1 - - [22/Jun/2019:13:03:17 +0800] "GET /main/webjars/springfox-swagger-ui/fonts/DroidSans.ttf HTTP/1.1" 500 311 0.100
- 0:0:0:0:0:0:0:1 - - [22/Jun/2019:13:03:17 +0800] "GET /main/webjars/springfox-swagger-ui/images/favicon-32x32.png HTTP/1.1" 200 1141 0.006
- 0:0:0:0:0:0:0:1 - - [22/Jun/2019:13:03:17 +0800] "GET /main/webjars/springfox-swagger-ui/images/favicon-16x16.png HTTP/1.1" 200 445 0.009
- 0:0:0:0:0:0:0:1 - - [22/Jun/2019:13:03:17 +0800] "GET /main/v2/api-docs HTTP/1.1" 200 18912 0.098
- 0:0:0:0:0:0:0:1 - - [22/Jun/2019:13:03:17 +0800] "GET /main/swagger-resources/configuration/security HTTP/1.1" 200 81 0.004
- 0:0:0:0:0:0:0:1 - - [22/Jun/2019:13:03:41 +0800] "GET /main/webjars/springfox-swagger-ui/images/throbber.gif HTTP/1.1" 200 9257 0.006
- 0:0:0:0:0:0:0:1 - - [22/Jun/2019:13:04:33 +0800] "GET /main/system HTTP/1.1" 500 205 0.017
- 0:0:0:0:0:0:0:1 - - [22/Jun/2019:13:04:48 +0800] "GET /main/sendToAll HTTP/1.1" 200 - 0.004
- 0:0:0:0:0:0:0:1 - - [22/Jun/2019:14:54:11 +0800] "GET /main/swagger-ui.html HTTP/1.1" 304 - 0.053
- 0:0:0:0:0:0:0:1 - - [22/Jun/2019:14:54:12 +0800] "GET /main/swagger-resources/configuration/ui HTTP/1.1" 200 238 0.065
- 0:0:0:0:0:0:0:1 - - [22/Jun/2019:14:54:12 +0800] "GET /main/swagger-resources HTTP/1.1" 200 80 0.007
- 0:0:0:0:0:0:0:1 - - [22/Jun/2019:14:54:12 +0800] "GET /main/v2/api-docs HTTP/1.1" 200 19282 0.118
- 0:0:0:0:0:0:0:1 - - [22/Jun/2019:14:54:12 +0800] "GET /main/webjars/springfox-swagger-ui/fonts/DroidSans.ttf HTTP/1.1" 500 311 0.231
- 0:0:0:0:0:0:0:1 - - [22/Jun/2019:14:54:12 +0800] "GET /main/webjars/springfox-swagger-ui/fonts/DroidSans-Bold.ttf HTTP/1.1" 500 316 0.232
- 0:0:0:0:0:0:0:1 - - [22/Jun/2019:14:54:12 +0800] "GET /main/swagger-resources/configuration/security HTTP/1.1" 200 81 0.008
- 0:0:0:0:0:0:0:1 - - [22/Jun/2019:14:55:38 +0800] "GET /main/swagger-ui.html HTTP/1.1" 304 - 0.056
- 0:0:0:0:0:0:0:1 - - [22/Jun/2019:14:55:38 +0800] "GET /main/swagger-resources/configuration/ui HTTP/1.1" 200 238 0.062
- 0:0:0:0:0:0:0:1 - - [22/Jun/2019:14:55:38 +0800] "GET /main/swagger-resources HTTP/1.1" 200 80 0.008
- 0:0:0:0:0:0:0:1 - - [22/Jun/2019:14:55:38 +0800] "GET /main/v2/api-docs HTTP/1.1" 200 24894 0.119
- 0:0:0:0:0:0:0:1 - - [22/Jun/2019:14:55:38 +0800] "GET /main/webjars/springfox-swagger-ui/fonts/DroidSans.ttf HTTP/1.1" 500 311 0.230
- 0:0:0:0:0:0:0:1 - - [22/Jun/2019:14:55:38 +0800] "GET /main/webjars/springfox-swagger-ui/fonts/DroidSans-Bold.ttf HTTP/1.1" 500 316 0.230
- 0:0:0:0:0:0:0:1 - - [22/Jun/2019:14:55:39 +0800] "GET /main/swagger-resources/configuration/security HTTP/1.1" 200 81 0.004
- 0:0:0:0:0:0:0:1 - - [22/Jun/2019:14:56:44 +0800] "GET /main/swagger-ui.html HTTP/1.1" 304 - 0.054
- 0:0:0:0:0:0:0:1 - - [22/Jun/2019:14:56:44 +0800] "GET /main/swagger-resources/configuration/ui HTTP/1.1" 200 238 0.057
- 0:0:0:0:0:0:0:1 - - [22/Jun/2019:14:56:44 +0800] "GET /main/swagger-resources HTTP/1.1" 200 80 0.006
- 0:0:0:0:0:0:0:1 - - [22/Jun/2019:14:56:44 +0800] "GET /main/v2/api-docs HTTP/1.1" 200 24844 0.129
- 0:0:0:0:0:0:0:1 - - [22/Jun/2019:14:56:44 +0800] "GET /main/webjars/springfox-swagger-ui/fonts/DroidSans.ttf HTTP/1.1" 500 311 0.247
- 0:0:0:0:0:0:0:1 - - [22/Jun/2019:14:56:44 +0800] "GET /main/webjars/springfox-swagger-ui/fonts/DroidSans-Bold.ttf HTTP/1.1" 500 316 0.248
- 0:0:0:0:0:0:0:1 - - [22/Jun/2019:14:56:44 +0800] "GET /main/swagger-resources/configuration/security HTTP/1.1" 200 81 0.004
- 0:0:0:0:0:0:0:1 - - [22/Jun/2019:14:57:59 +0800] "GET /main/swagger-ui.html HTTP/1.1" 304 - 0.055
- 0:0:0:0:0:0:0:1 - - [22/Jun/2019:14:57:59 +0800] "GET /main/swagger-resources/configuration/ui HTTP/1.1" 200 238 0.061
- 0:0:0:0:0:0:0:1 - - [22/Jun/2019:14:57:59 +0800] "GET /main/swagger-resources HTTP/1.1" 200 80 0.006
- 0:0:0:0:0:0:0:1 - - [22/Jun/2019:14:58:00 +0800] "GET /main/v2/api-docs HTTP/1.1" 200 19282 0.137
- 0:0:0:0:0:0:0:1 - - [22/Jun/2019:14:58:00 +0800] "GET /main/webjars/springfox-swagger-ui/fonts/DroidSans.ttf HTTP/1.1" 500 311 0.263
- 0:0:0:0:0:0:0:1 - - [22/Jun/2019:14:58:00 +0800] "GET /main/webjars/springfox-swagger-ui/fonts/DroidSans-Bold.ttf HTTP/1.1" 500 316 0.264
- 0:0:0:0:0:0:0:1 - - [22/Jun/2019:14:58:00 +0800] "GET /main/swagger-resources/configuration/security HTTP/1.1" 200 81 0.004
- 0:0:0:0:0:0:0:1 - - [22/Jun/2019:14:58:30 +0800] "GET /main/swagger-ui.html HTTP/1.1" 304 - 0.053
- 0:0:0:0:0:0:0:1 - - [22/Jun/2019:14:58:30 +0800] "GET /main/swagger-resources/configuration/ui HTTP/1.1" 200 238 0.065
- 0:0:0:0:0:0:0:1 - - [22/Jun/2019:14:58:30 +0800] "GET /main/swagger-resources HTTP/1.1" 200 80 0.007
- 0:0:0:0:0:0:0:1 - - [22/Jun/2019:14:58:31 +0800] "GET /main/v2/api-docs HTTP/1.1" 200 24894 0.144
- 0:0:0:0:0:0:0:1 - - [22/Jun/2019:14:58:31 +0800] "GET /main/webjars/springfox-swagger-ui/fonts/DroidSans.ttf HTTP/1.1" 500 311 0.256
- 0:0:0:0:0:0:0:1 - - [22/Jun/2019:14:58:31 +0800] "GET /main/webjars/springfox-swagger-ui/fonts/DroidSans-Bold.ttf HTTP/1.1" 500 316 0.256
- 0:0:0:0:0:0:0:1 - - [22/Jun/2019:14:58:31 +0800] "GET /main/swagger-resources/configuration/security HTTP/1.1" 200 81 0.004
- 0:0:0:0:0:0:0:1 - - [22/Jun/2019:15:08:35 +0800] "GET /main/swagger-ui.html HTTP/1.1" 304 - 0.066
- 0:0:0:0:0:0:0:1 - - [22/Jun/2019:15:08:35 +0800] "GET /main/swagger-resources/configuration/ui HTTP/1.1" 200 238 0.069
- 0:0:0:0:0:0:0:1 - - [22/Jun/2019:15:08:35 +0800] "GET /main/swagger-resources HTTP/1.1" 200 80 0.009
- 0:0:0:0:0:0:0:1 - - [22/Jun/2019:15:08:35 +0800] "GET /main/v2/api-docs HTTP/1.1" 200 19282 0.109
- 0:0:0:0:0:0:0:1 - - [22/Jun/2019:15:08:35 +0800] "GET /main/webjars/springfox-swagger-ui/fonts/DroidSans.ttf HTTP/1.1" 500 311 0.235
- 0:0:0:0:0:0:0:1 - - [22/Jun/2019:15:08:35 +0800] "GET /main/webjars/springfox-swagger-ui/fonts/DroidSans-Bold.ttf HTTP/1.1" 500 316 0.235
- 0:0:0:0:0:0:0:1 - - [22/Jun/2019:15:08:35 +0800] "GET /main/swagger-resources/configuration/security HTTP/1.1" 200 81 0.004
- 0:0:0:0:0:0:0:1 - - [22/Jun/2019:15:23:10 +0800] "GET /main/swagger-ui.html HTTP/1.1" 304 - 0.054
- 0:0:0:0:0:0:0:1 - - [22/Jun/2019:15:23:11 +0800] "GET /main/swagger-resources/configuration/ui HTTP/1.1" 200 238 0.077
- 0:0:0:0:0:0:0:1 - - [22/Jun/2019:15:23:11 +0800] "GET /main/swagger-resources HTTP/1.1" 200 80 0.009
- 0:0:0:0:0:0:0:1 - - [22/Jun/2019:15:23:11 +0800] "GET /main/v2/api-docs HTTP/1.1" 200 251 0.056
- 0:0:0:0:0:0:0:1 - - [22/Jun/2019:15:23:11 +0800] "GET /main/swagger-resources/configuration/security HTTP/1.1" 200 81 0.005
- 0:0:0:0:0:0:0:1 - - [22/Jun/2019:15:23:11 +0800] "GET /main/webjars/springfox-swagger-ui/fonts/DroidSans.ttf HTTP/1.1" 500 311 0.246
- 0:0:0:0:0:0:0:1 - - [22/Jun/2019:15:23:11 +0800] "GET /main/webjars/springfox-swagger-ui/fonts/DroidSans-Bold.ttf HTTP/1.1" 500 316 0.246
- 0:0:0:0:0:0:0:1 - - [22/Jun/2019:15:29:53 +0800] "GET /druid/ HTTP/1.1" 404 796 0.008
- 0:0:0:0:0:0:0:1 - - [22/Jun/2019:15:30:02 +0800] "GET /main/druid/ HTTP/1.1" 302 - 0.003
- 0:0:0:0:0:0:0:1 - - [22/Jun/2019:15:30:02 +0800] "GET /main/druid/login.html HTTP/1.1" 200 3423 0.003
- 0:0:0:0:0:0:0:1 - - [22/Jun/2019:15:30:02 +0800] "GET /main/druid/css/bootstrap.min.css HTTP/1.1" 200 95686 0.012
- 0:0:0:0:0:0:0:1 - - [22/Jun/2019:15:30:02 +0800] "GET /main/druid/js/jquery.min.js HTTP/1.1" 200 92931 0.013
- 0:0:0:0:0:0:0:1 - - [22/Jun/2019:15:30:09 +0800] "POST /main/druid/submitLogin HTTP/1.1" 500 280 0.032
- 0:0:0:0:0:0:0:1 - - [22/Jun/2019:15:30:11 +0800] "POST /main/druid/submitLogin HTTP/1.1" 500 280 0.012
- 0:0:0:0:0:0:0:1 - - [22/Jun/2019:15:30:14 +0800] "POST /main/druid/submitLogin HTTP/1.1" 500 280 0.011
- 0:0:0:0:0:0:0:1 - - [22/Jun/2019:15:30:33 +0800] "POST /main/druid/submitLogin HTTP/1.1" 500 280 0.012
- 0:0:0:0:0:0:0:1 - - [22/Jun/2019:15:30:36 +0800] "GET /main/druid/css/bootstrap.min.css HTTP/1.1" 200 95686 0.007
- 0:0:0:0:0:0:0:1 - - [22/Jun/2019:15:31:23 +0800] "GET /main/druid/login.html HTTP/1.1" 404 306 0.199
- 0:0:0:0:0:0:0:1 - - [22/Jun/2019:15:31:33 +0800] "GET /druid/login.html HTTP/1.1" 404 796 0.003
- 0:0:0:0:0:0:0:1 - - [22/Jun/2019:15:32:04 +0800] "GET /main/main/druid/ HTTP/1.1" 302 - 0.002
- 0:0:0:0:0:0:0:1 - - [22/Jun/2019:15:32:04 +0800] "GET /main/main/druid/login.html HTTP/1.1" 200 3423 0.003
- 0:0:0:0:0:0:0:1 - - [22/Jun/2019:15:32:04 +0800] "GET /main/main/druid/js/jquery.min.js HTTP/1.1" 200 92931 0.009
- 0:0:0:0:0:0:0:1 - - [22/Jun/2019:15:32:04 +0800] "GET /main/main/druid/css/bootstrap.min.css HTTP/1.1" 200 95686 0.010
- 0:0:0:0:0:0:0:1 - - [22/Jun/2019:15:32:17 +0800] "POST /main/main/druid/submitLogin HTTP/1.1" 500 285 0.062
- 0:0:0:0:0:0:0:1 - - [22/Jun/2019:15:37:36 +0800] "GET /main/swagger-ui.html HTTP/1.1" 304 - 0.061
- 0:0:0:0:0:0:0:1 - - [22/Jun/2019:15:37:48 +0800] "GET /main/swagger-resources/configuration/ui HTTP/1.1" 200 238 11.807
- 0:0:0:0:0:0:0:1 - - [22/Jun/2019:15:38:41 +0800] "GET /main/swagger-resources HTTP/1.1" 200 80 52.994
- 0:0:0:0:0:0:0:1 - - [22/Jun/2019:15:39:59 +0800] "GET /main/v2/api-docs HTTP/1.1" 200 251 77.470
- 0:0:0:0:0:0:0:1 - - [22/Jun/2019:15:46:19 +0800] "GET /main/swagger-ui.html HTTP/1.1" 304 - 0.055
- 0:0:0:0:0:0:0:1 - - [22/Jun/2019:15:46:19 +0800] "GET /main/swagger-resources/configuration/ui HTTP/1.1" 200 238 0.076
- 0:0:0:0:0:0:0:1 - - [22/Jun/2019:15:46:19 +0800] "GET /main/swagger-resources HTTP/1.1" 200 80 0.008
- 0:0:0:0:0:0:0:1 - - [22/Jun/2019:15:46:19 +0800] "GET /main/v2/api-docs HTTP/1.1" 200 251 0.055
- 0:0:0:0:0:0:0:1 - - [22/Jun/2019:15:46:19 +0800] "GET /main/swagger-resources/configuration/security HTTP/1.1" 200 81 0.005
- 0:0:0:0:0:0:0:1 - - [22/Jun/2019:15:46:19 +0800] "GET /main/webjars/springfox-swagger-ui/fonts/DroidSans.ttf HTTP/1.1" 500 311 0.238
- 0:0:0:0:0:0:0:1 - - [22/Jun/2019:15:46:19 +0800] "GET /main/webjars/springfox-swagger-ui/fonts/DroidSans-Bold.ttf HTTP/1.1" 500 316 0.238
- 127.0.0.1 - - [22/Jun/2019:15:50:30 +0800] "GET /pagead/js/r20190617/r20110914/client/qs_click_protection.js HTTP/1.1" 404 796 0.005
- 127.0.0.1 - - [22/Jun/2019:15:50:30 +0800] "GET /pagead/js/r20190617/r20110914/client/window_focus.js HTTP/1.1" 404 796 0.006
- 127.0.0.1 - - [22/Jun/2019:15:50:30 +0800] "GET /pagead/js/r20190617/r20110914/client/qs_click_protection.js HTTP/1.1" 404 796 0.001
- 127.0.0.1 - - [22/Jun/2019:15:50:30 +0800] "GET /pagead/js/r20190617/r20110914/client/window_focus.js HTTP/1.1" 404 796 0.002
- 127.0.0.1 - - [22/Jun/2019:15:50:30 +0800] "GET /pagead/js/r20190617/r20110914/client/qs_click_protection.js HTTP/1.1" 404 796 0.002
- 127.0.0.1 - - [22/Jun/2019:15:50:30 +0800] "GET /daca_images/simgad/8569787226622152728 HTTP/1.1" 404 796 0.002
- 127.0.0.1 - - [22/Jun/2019:15:50:30 +0800] "GET /pagead/js/r20190617/r20110914/abg_lite.js HTTP/1.1" 404 796 0.001
- 127.0.0.1 - - [22/Jun/2019:15:50:30 +0800] "GET /pagead/js/r20190617/r20110914/client/m_js_controller.js HTTP/1.1" 404 796 0.004
- 127.0.0.1 - - [22/Jun/2019:15:50:30 +0800] "GET /pagead/js/r20190617/r20110914/client/qs_click_protection.js HTTP/1.1" 404 796 0.001
- 127.0.0.1 - - [22/Jun/2019:15:50:30 +0800] "GET /pagead/js/r20190617/r20110914/client/window_focus.js HTTP/1.1" 404 796 0.001
- 127.0.0.1 - - [22/Jun/2019:15:50:35 +0800] "GET /pagead/js/r20190617/r20110914/abg_lite.js HTTP/1.1" 404 796 0.001
- 127.0.0.1 - - [22/Jun/2019:15:50:35 +0800] "GET /pagead/js/r20190617/r20110914/client/m_js_controller.js HTTP/1.1" 404 796 0.001
- 127.0.0.1 - - [22/Jun/2019:15:50:35 +0800] "GET /pagead/js/r20190617/r20110914/client/m_js_controller.js HTTP/1.1" 404 796 0.001
- 127.0.0.1 - - [22/Jun/2019:15:50:35 +0800] "GET /pagead/js/r20190617/r20110914/client/qs_click_protection.js HTTP/1.1" 404 796 0.001
- 127.0.0.1 - - [22/Jun/2019:15:50:35 +0800] "GET /pagead/js/r20190617/r20110914/client/window_focus.js HTTP/1.1" 404 796 0.002
- 127.0.0.1 - - [22/Jun/2019:15:50:35 +0800] "GET /daca_images/simgad/14645252691448923643 HTTP/1.1" 404 796 0.001
- 127.0.0.1 - - [22/Jun/2019:15:50:35 +0800] "GET /pagead/js/r20190617/r20110914/abg_lite.js HTTP/1.1" 404 796 0.001
- 127.0.0.1 - - [22/Jun/2019:15:50:35 +0800] "GET /pagead/js/r20190617/r20110914/client/window_focus.js HTTP/1.1" 404 796 0.001
- 127.0.0.1 - - [22/Jun/2019:15:50:35 +0800] "GET /pagead/js/r20190617/r20110914/client/m_js_controller.js HTTP/1.1" 404 796 0.001
- 127.0.0.1 - - [22/Jun/2019:15:50:35 +0800] "GET /pagead/js/r20190617/r20110914/client/qs_click_protection.js HTTP/1.1" 404 796 0.001
- 127.0.0.1 - - [22/Jun/2019:15:50:35 +0800] "GET /pagead/js/r20190617/r20110914/client/window_focus.js HTTP/1.1" 404 796 0.001
- 127.0.0.1 - - [22/Jun/2019:15:50:36 +0800] "GET /pagead/js/r20190617/r20110914/client/qs_click_protection.js HTTP/1.1" 404 796 0.001
- 127.0.0.1 - - [22/Jun/2019:15:50:36 +0800] "GET /pagead/js/r20190617/r20110914/client/qs_click_protection.js HTTP/1.1" 404 796 0.001
- 0:0:0:0:0:0:0:1 - - [22/Jun/2019:15:57:33 +0800] "GET /main/swagger-ui.html HTTP/1.1" 304 - 0.057
- 0:0:0:0:0:0:0:1 - - [22/Jun/2019:15:57:33 +0800] "GET /main/swagger-resources/configuration/ui HTTP/1.1" 200 238 0.106
- 0:0:0:0:0:0:0:1 - - [22/Jun/2019:15:57:33 +0800] "GET /main/swagger-resources HTTP/1.1" 200 80 0.010
- 0:0:0:0:0:0:0:1 - - [22/Jun/2019:15:57:33 +0800] "GET /main/v2/api-docs HTTP/1.1" 200 251 0.050
- 0:0:0:0:0:0:0:1 - - [22/Jun/2019:15:57:33 +0800] "GET /main/swagger-resources/configuration/security HTTP/1.1" 200 81 0.005
- 0:0:0:0:0:0:0:1 - - [22/Jun/2019:15:57:33 +0800] "GET /main/webjars/springfox-swagger-ui/fonts/DroidSans-Bold.ttf HTTP/1.1" 500 316 0.281
- 0:0:0:0:0:0:0:1 - - [22/Jun/2019:15:57:33 +0800] "GET /main/webjars/springfox-swagger-ui/fonts/DroidSans.ttf HTTP/1.1" 500 311 0.281
- 0:0:0:0:0:0:0:1 - - [22/Jun/2019:18:25:34 +0800] "GET /main/swagger-ui.html HTTP/1.1" 304 - 0.067
- 0:0:0:0:0:0:0:1 - - [22/Jun/2019:18:25:34 +0800] "GET /main/swagger-resources/configuration/ui HTTP/1.1" 200 238 0.093
- 0:0:0:0:0:0:0:1 - - [22/Jun/2019:18:25:34 +0800] "GET /main/swagger-resources HTTP/1.1" 200 80 0.012
- 0:0:0:0:0:0:0:1 - - [22/Jun/2019:18:25:34 +0800] "GET /main/v2/api-docs HTTP/1.1" 200 251 0.055
- 0:0:0:0:0:0:0:1 - - [22/Jun/2019:18:25:34 +0800] "GET /main/swagger-resources/configuration/security HTTP/1.1" 200 81 0.006
- 0:0:0:0:0:0:0:1 - - [22/Jun/2019:18:25:34 +0800] "GET /main/webjars/springfox-swagger-ui/fonts/DroidSans.ttf HTTP/1.1" 500 311 0.299
- 0:0:0:0:0:0:0:1 - - [22/Jun/2019:18:25:34 +0800] "GET /main/webjars/springfox-swagger-ui/fonts/DroidSans-Bold.ttf HTTP/1.1" 500 316 0.299
- 0:0:0:0:0:0:0:1 - - [22/Jun/2019:18:32:54 +0800] "GET /main/swagger-ui.html HTTP/1.1" 304 - 0.063
- 0:0:0:0:0:0:0:1 - - [22/Jun/2019:18:32:55 +0800] "GET /main/swagger-resources/configuration/ui HTTP/1.1" 200 238 0.088
- 0:0:0:0:0:0:0:1 - - [22/Jun/2019:18:32:55 +0800] "GET /main/swagger-resources HTTP/1.1" 200 80 0.010
- 0:0:0:0:0:0:0:1 - - [22/Jun/2019:18:32:55 +0800] "GET /main/v2/api-docs HTTP/1.1" 200 251 0.061
- 0:0:0:0:0:0:0:1 - - [22/Jun/2019:18:32:55 +0800] "GET /main/swagger-resources/configuration/security HTTP/1.1" 200 81 0.005
- 0:0:0:0:0:0:0:1 - - [22/Jun/2019:18:32:55 +0800] "GET /main/webjars/springfox-swagger-ui/fonts/DroidSans-Bold.ttf HTTP/1.1" 500 316 0.273
- 0:0:0:0:0:0:0:1 - - [22/Jun/2019:18:32:55 +0800] "GET /main/webjars/springfox-swagger-ui/fonts/DroidSans.ttf HTTP/1.1" 500 311 0.272
- 0:0:0:0:0:0:0:1 - - [22/Jun/2019:18:34:35 +0800] "GET /main/swagger-ui.html HTTP/1.1" 304 - 0.053
- 0:0:0:0:0:0:0:1 - - [22/Jun/2019:18:34:35 +0800] "GET /main/swagger-resources/configuration/ui HTTP/1.1" 200 238 0.080
- 0:0:0:0:0:0:0:1 - - [22/Jun/2019:18:34:35 +0800] "GET /main/swagger-resources HTTP/1.1" 200 80 0.010
- 0:0:0:0:0:0:0:1 - - [22/Jun/2019:18:34:35 +0800] "GET /main/v2/api-docs HTTP/1.1" 200 251 0.064
- 0:0:0:0:0:0:0:1 - - [22/Jun/2019:18:34:36 +0800] "GET /main/swagger-resources/configuration/security HTTP/1.1" 200 81 0.006
- 0:0:0:0:0:0:0:1 - - [22/Jun/2019:18:34:36 +0800] "GET /main/webjars/springfox-swagger-ui/fonts/DroidSans.ttf HTTP/1.1" 500 311 0.257
- 0:0:0:0:0:0:0:1 - - [22/Jun/2019:18:34:36 +0800] "GET /main/webjars/springfox-swagger-ui/fonts/DroidSans-Bold.ttf HTTP/1.1" 500 316 0.257
- 0:0:0:0:0:0:0:1 - - [22/Jun/2019:18:35:42 +0800] "GET /main/swagger-ui.html HTTP/1.1" 304 - 0.054
- 0:0:0:0:0:0:0:1 - - [22/Jun/2019:18:35:42 +0800] "GET /main/swagger-resources/configuration/ui HTTP/1.1" 200 238 0.078
- 0:0:0:0:0:0:0:1 - - [22/Jun/2019:18:35:42 +0800] "GET /main/swagger-resources HTTP/1.1" 200 80 0.010
- 0:0:0:0:0:0:0:1 - - [22/Jun/2019:18:35:42 +0800] "GET /main/v2/api-docs HTTP/1.1" 200 251 0.072
- 0:0:0:0:0:0:0:1 - - [22/Jun/2019:18:35:42 +0800] "GET /main/swagger-resources/configuration/security HTTP/1.1" 200 81 0.005
- 0:0:0:0:0:0:0:1 - - [22/Jun/2019:18:35:42 +0800] "GET /main/webjars/springfox-swagger-ui/fonts/DroidSans.ttf HTTP/1.1" 500 311 0.266
- 0:0:0:0:0:0:0:1 - - [22/Jun/2019:18:35:42 +0800] "GET /main/webjars/springfox-swagger-ui/fonts/DroidSans-Bold.ttf HTTP/1.1" 500 316 0.267
- 0:0:0:0:0:0:0:1 - - [22/Jun/2019:18:36:56 +0800] "GET /main/swagger-ui.html HTTP/1.1" 304 - 0.050
- 0:0:0:0:0:0:0:1 - - [22/Jun/2019:18:36:56 +0800] "GET /main/swagger-resources/configuration/ui HTTP/1.1" 200 238 0.080
- 0:0:0:0:0:0:0:1 - - [22/Jun/2019:18:36:56 +0800] "GET /main/swagger-resources HTTP/1.1" 200 80 0.011
- 0:0:0:0:0:0:0:1 - - [22/Jun/2019:18:36:56 +0800] "GET /main/v2/api-docs HTTP/1.1" 200 251 0.058
- 0:0:0:0:0:0:0:1 - - [22/Jun/2019:18:36:56 +0800] "GET /main/webjars/springfox-swagger-ui/fonts/DroidSans.ttf HTTP/1.1" 200 41028 0.183
- 0:0:0:0:0:0:0:1 - - [22/Jun/2019:18:36:56 +0800] "GET /main/webjars/springfox-swagger-ui/fonts/DroidSans-Bold.ttf HTTP/1.1" 200 42480 0.184
- 0:0:0:0:0:0:0:1 - - [22/Jun/2019:18:36:56 +0800] "GET /main/swagger-resources/configuration/security HTTP/1.1" 200 81 0.005
- 0:0:0:0:0:0:0:1 - - [22/Jun/2019:18:38:22 +0800] "GET /main/swagger-ui.html HTTP/1.1" 304 - 0.054
- 0:0:0:0:0:0:0:1 - - [22/Jun/2019:18:38:22 +0800] "GET /main/swagger-resources/configuration/ui HTTP/1.1" 200 238 0.070
- 0:0:0:0:0:0:0:1 - - [22/Jun/2019:18:38:22 +0800] "GET /main/swagger-resources HTTP/1.1" 200 80 0.010
- 0:0:0:0:0:0:0:1 - - [22/Jun/2019:18:38:22 +0800] "GET /main/v2/api-docs HTTP/1.1" 200 251 0.044
- 0:0:0:0:0:0:0:1 - - [22/Jun/2019:18:38:22 +0800] "GET /main/swagger-resources/configuration/security HTTP/1.1" 200 81 0.006
- 0:0:0:0:0:0:0:1 - - [22/Jun/2019:18:39:47 +0800] "GET /main/swagger-ui.html HTTP/1.1" 304 - 0.055
- 0:0:0:0:0:0:0:1 - - [22/Jun/2019:18:39:47 +0800] "GET /main/swagger-resources/configuration/ui HTTP/1.1" 200 238 0.061
- 0:0:0:0:0:0:0:1 - - [22/Jun/2019:18:39:47 +0800] "GET /main/swagger-resources HTTP/1.1" 200 80 0.008
- 0:0:0:0:0:0:0:1 - - [22/Jun/2019:18:39:47 +0800] "GET /main/v2/api-docs HTTP/1.1" 200 19282 0.101
- 0:0:0:0:0:0:0:1 - - [22/Jun/2019:18:39:47 +0800] "GET /main/swagger-resources/configuration/security HTTP/1.1" 200 81 0.004
- 0:0:0:0:0:0:0:1 - - [22/Jun/2019:19:02:52 +0800] "GET /main/swagger-ui.html HTTP/1.1" 304 - 0.053
- 0:0:0:0:0:0:0:1 - - [22/Jun/2019:19:02:52 +0800] "GET /main/swagger-resources/configuration/ui HTTP/1.1" 200 238 0.049
- 0:0:0:0:0:0:0:1 - - [22/Jun/2019:19:02:52 +0800] "GET /main/swagger-resources HTTP/1.1" 200 80 0.010
- 0:0:0:0:0:0:0:1 - - [22/Jun/2019:19:02:52 +0800] "GET /main/v2/api-docs HTTP/1.1" 200 19282 0.101
- 0:0:0:0:0:0:0:1 - - [22/Jun/2019:19:02:52 +0800] "GET /main/swagger-resources/configuration/security HTTP/1.1" 200 81 0.004
- 0:0:0:0:0:0:0:1 - - [22/Jun/2019:19:04:21 +0800] "GET /main/enums/findNameByCode?code=%3Cscript%3E%3C%2Fscript%3E HTTP/1.1" 200 9359 0.151
- 0:0:0:0:0:0:0:1 - - [22/Jun/2019:19:07:14 +0800] "GET /main/enums/findNameByCode?code=%3Cscript%3E%3C%2Fscript%3E HTTP/1.1" 200 9359 0.223
- 0:0:0:0:0:0:0:1 - - [22/Jun/2019:19:08:46 +0800] "GET /main/enums/findNameByCode?code=%3Cscript%3E%3C%2Fscript%3E HTTP/1.1" 200 9359 0.245
- 0:0:0:0:0:0:0:1 - - [22/Jun/2019:19:12:44 +0800] "GET /main/enums/findNameByCode?code=%3Cscript%3E%3C%2Fscript%3E HTTP/1.1" 200 9359 0.288
- 0:0:0:0:0:0:0:1 - - [22/Jun/2019:22:01:39 +0800] "GET /main/swagger-resources/configuration/ui HTTP/1.1" 200 238 0.109
- 0:0:0:0:0:0:0:1 - - [22/Jun/2019:22:01:39 +0800] "GET /main/swagger-resources HTTP/1.1" 200 80 0.008
- 0:0:0:0:0:0:0:1 - - [22/Jun/2019:22:01:39 +0800] "GET /main/v2/api-docs HTTP/1.1" 200 19282 0.107
- 0:0:0:0:0:0:0:1 - - [22/Jun/2019:22:01:39 +0800] "GET /main/swagger-resources/configuration/security HTTP/1.1" 200 81 0.005
- 0:0:0:0:0:0:0:1 - - [22/Jun/2019:22:25:00 +0800] "GET /main/swagger-ui.html HTTP/1.1" 304 - 0.057
- 0:0:0:0:0:0:0:1 - - [22/Jun/2019:22:25:00 +0800] "GET /main/swagger-resources/configuration/ui HTTP/1.1" 200 238 0.052
- 0:0:0:0:0:0:0:1 - - [22/Jun/2019:22:25:00 +0800] "GET /main/swagger-resources HTTP/1.1" 200 80 0.008
- 0:0:0:0:0:0:0:1 - - [22/Jun/2019:22:25:00 +0800] "GET /main/v2/api-docs HTTP/1.1" 200 19341 0.092
- 0:0:0:0:0:0:0:1 - - [22/Jun/2019:22:25:00 +0800] "GET /main/swagger-resources/configuration/security HTTP/1.1" 200 81 0.005
- 0:0:0:0:0:0:0:1 - - [22/Jun/2019:22:29:08 +0800] "GET /main/es/doctor/drop HTTP/1.1" 200 60 1.528
- 0:0:0:0:0:0:0:1 - - [22/Jun/2019:22:46:39 +0800] "GET /main/es/doctor/saveDoctor HTTP/1.1" 200 60 915.441
- 0:0:0:0:0:0:0:1 - - [22/Jun/2019:23:00:49 +0800] "GET /main/es/doctor/findByHospitalNameLikeOrDoctorNameLike?context=%E6%AD%A6%E6%B1%89%E5%B8%82%E4%B8%AD%E5%BF%83%E5%8C%BB%E9%99%A2 HTTP/1.1" 200 47 0.478
- 0:0:0:0:0:0:0:1 - - [22/Jun/2019:23:00:56 +0800] "GET /main/es/doctor/findByHospitalNameLikeOrDoctorNameLike?context=%E6%AD%A6%E6%B1%89 HTTP/1.1" 200 47 0.014
- 0:0:0:0:0:0:0:1 - - [22/Jun/2019:23:00:58 +0800] "GET /main/es/doctor/findByHospitalNameLikeOrDoctorNameLike?context=%E6%AD%A6%E6%B1%89 HTTP/1.1" 200 47 0.014
- 0:0:0:0:0:0:0:1 - - [22/Jun/2019:23:02:55 +0800] "GET /main/es/doctor/findByHospitalNameLikeOrDoctorNameLike?context=%E6%AD%A6%E6%B1%89 HTTP/1.1" 200 47 0.015
- 0:0:0:0:0:0:0:1 - - [22/Jun/2019:23:03:12 +0800] "GET /main/es/doctor/findByHospitalNameLikeOrDoctorNameLike?context=%E5%8C%BB%E9%99%A2 HTTP/1.1" 200 47 0.014
