- 127.0.0.1 - - [23/Jun/2019:01:30:03 +0800] "GET /jzt/??libs/temp/2.0.0/_J.min.js,libs/temp/2.0.0/adcookie.min.js,libs/temp/2.0.0/conf.min.js,libs/temp/2.0.0/unslider.min.js,libs/temp/2.0.0/util.min.js HTTP/1.1" 404 796 0.031
- 127.0.0.1 - - [23/Jun/2019:01:30:03 +0800] "GET /jzt/libs/behavior/v2/behavior.js HTTP/1.1" 404 796 0.031
- 127.0.0.1 - - [23/Jun/2019:03:01:04 +0800] "GET /jzt/??libs/temp/2.0.0/_J.min.js,libs/temp/2.0.0/adcookie.min.js,libs/temp/2.0.0/conf.min.js,libs/temp/2.0.0/unslider.min.js,libs/temp/2.0.0/util.min.js HTTP/1.1" 404 796 0.000
- 127.0.0.1 - - [23/Jun/2019:03:01:04 +0800] "GET /jzt/libs/behavior/v2/behavior.js HTTP/1.1" 404 796 0.000
- 127.0.0.1 - - [23/Jun/2019:03:32:05 +0800] "GET /jzt/??libs/temp/2.0.0/_J.min.js,libs/temp/2.0.0/adcookie.min.js,libs/temp/2.0.0/conf.min.js,libs/temp/2.0.0/unslider.min.js,libs/temp/2.0.0/util.min.js HTTP/1.1" 404 796 0.015
- 127.0.0.1 - - [23/Jun/2019:03:32:05 +0800] "GET /jzt/libs/behavior/v2/behavior.js HTTP/1.1" 404 796 0.000
- 127.0.0.1 - - [23/Jun/2019:04:03:06 +0800] "GET /jzt/??libs/temp/2.0.0/_J.min.js,libs/temp/2.0.0/adcookie.min.js,libs/temp/2.0.0/conf.min.js,libs/temp/2.0.0/unslider.min.js,libs/temp/2.0.0/util.min.js HTTP/1.1" 404 796 0.000
- 127.0.0.1 - - [23/Jun/2019:04:03:06 +0800] "GET /jzt/libs/behavior/v2/behavior.js HTTP/1.1" 404 796 0.000
- 127.0.0.1 - - [23/Jun/2019:05:04:09 +0800] "GET /jzt/??libs/temp/2.0.0/_J.min.js,libs/temp/2.0.0/adcookie.min.js,libs/temp/2.0.0/conf.min.js,libs/temp/2.0.0/unslider.min.js,libs/temp/2.0.0/util.min.js HTTP/1.1" 404 796 0.015
- 127.0.0.1 - - [23/Jun/2019:05:04:09 +0800] "GET /jzt/libs/behavior/v2/behavior.js HTTP/1.1" 404 796 0.015
- 127.0.0.1 - - [23/Jun/2019:05:35:10 +0800] "GET /jzt/??libs/temp/2.0.0/_J.min.js,libs/temp/2.0.0/adcookie.min.js,libs/temp/2.0.0/conf.min.js,libs/temp/2.0.0/unslider.min.js,libs/temp/2.0.0/util.min.js HTTP/1.1" 404 796 0.000
- 127.0.0.1 - - [23/Jun/2019:05:35:10 +0800] "GET /jzt/libs/behavior/v2/behavior.js HTTP/1.1" 404 796 0.000
- 0:0:0:0:0:0:0:1 - - [23/Jun/2019:07:10:33 +0800] "GET /main/es/doctor/findByHospitalNameLikeOrDoctorNameLike?context=%E8%B5%B5 HTTP/1.1" 200 47 0.362
- 0:0:0:0:0:0:0:1 - - [23/Jun/2019:07:10:35 +0800] "GET /main/es/doctor/findByHospitalNameLikeOrDoctorNameLike?context=%E8%B5%B5 HTTP/1.1" 200 47 0.012
- 0:0:0:0:0:0:0:1 - - [23/Jun/2019:07:16:07 +0800] "GET /main/es/doctor/searchDoctor?searchContent=%E7%9F%B3 HTTP/1.1" 200 47 0.045
- 0:0:0:0:0:0:0:1 - - [23/Jun/2019:07:16:15 +0800] "GET /main/es/doctor/searchDoctorCountByHospital HTTP/1.1" 200 627 0.119
- 0:0:0:0:0:0:0:1 - - [23/Jun/2019:07:19:22 +0800] "GET /main/es/doctor/findByHospitalNameLikeOrDoctorNameLike?context=%E8%B5%B5 HTTP/1.1" 200 47 0.295
- 0:0:0:0:0:0:0:1 - - [23/Jun/2019:07:21:03 +0800] "GET /main/es/doctor/searchDoctor?searchContent=%E7%9F%B3 HTTP/1.1" 200 47 0.311
- 0:0:0:0:0:0:0:1 - - [23/Jun/2019:08:00:21 +0800] "GET /main/es/doctor/searchDoctor?searchContent=%E7%8E%8B%E4%B8%AD HTTP/1.1" 200 47 0.015
- 0:0:0:0:0:0:0:1 - - [23/Jun/2019:08:00:30 +0800] "GET /main/es/doctor/searchDoctor?searchContent=%E7%8E%8B%E4%B8%AD HTTP/1.1" 200 47 0.011
- 0:0:0:0:0:0:0:1 - - [23/Jun/2019:08:03:43 +0800] "GET /main/swagger-ui.html HTTP/1.1" 304 - 0.057
- 0:0:0:0:0:0:0:1 - - [23/Jun/2019:08:03:43 +0800] "GET /main/swagger-resources/configuration/ui HTTP/1.1" 200 238 0.054
- 0:0:0:0:0:0:0:1 - - [23/Jun/2019:08:03:43 +0800] "GET /main/swagger-resources HTTP/1.1" 200 80 0.010
- 0:0:0:0:0:0:0:1 - - [23/Jun/2019:08:03:44 +0800] "GET /main/v2/api-docs HTTP/1.1" 200 19325 0.093
- 0:0:0:0:0:0:0:1 - - [23/Jun/2019:08:03:44 +0800] "GET /main/swagger-resources/configuration/security HTTP/1.1" 200 81 0.004
- 0:0:0:0:0:0:0:1 - - [23/Jun/2019:08:03:53 +0800] "GET /main/es/doctor/findByHospitalNameOrDoctorName?context=%E7%8E%8B%E4%B8%AD HTTP/1.1" 200 47 0.182
- 0:0:0:0:0:0:0:1 - - [23/Jun/2019:08:05:25 +0800] "GET /main/es/doctor/findByHospitalNameOrDoctorName?context=%E7%8E%8B%E4%B8%AD HTTP/1.1" 200 47 0.273
- 0:0:0:0:0:0:0:1 - - [23/Jun/2019:08:05:29 +0800] "GET /main/es/doctor/findByHospitalNameOrDoctorName?context=%E7%8E%8B%E4%B8%AD HTTP/1.1" 200 47 0.014
- 0:0:0:0:0:0:0:1 - - [23/Jun/2019:08:07:26 +0800] "GET /main/es/doctor/findByHospitalNameOrDoctorName?context=%E7%8E%8B%E4%B8%AD HTTP/1.1" 200 47 0.290
- 0:0:0:0:0:0:0:1 - - [23/Jun/2019:08:09:05 +0800] "GET /main/websocket HTTP/1.1" 500 404 0.035
- 0:0:0:0:0:0:0:1 - - [23/Jun/2019:08:09:05 +0800] "GET /favicon.ico HTTP/1.1" 404 796 0.002
- 0:0:0:0:0:0:0:1 - - [23/Jun/2019:08:10:34 +0800] "GET /main/websocket HTTP/1.1" 500 399 0.209
- 0:0:0:0:0:0:0:1 - - [23/Jun/2019:08:13:40 +0800] "GET /main/es/doctor/searchDoctor?searchContent=%E6%AD%A6%E6%B1%89%E5%B8%82%E4%B8%AD%E5%BF%83%E5%8C%BB%E9%99%A2 HTTP/1.1" 200 47 0.109
- 0:0:0:0:0:0:0:1 - - [23/Jun/2019:08:17:45 +0800] "GET /main/sendToAll HTTP/1.1" 200 - 0.008
- 0:0:0:0:0:0:0:1 - - [23/Jun/2019:08:20:18 +0800] "GET /main/websocket.html HTTP/1.1" 500 399 0.014
- 0:0:0:0:0:0:0:1 - - [23/Jun/2019:08:20:37 +0800] "GET /main/static/websocket.html HTTP/1.1" 404 306 0.016
- 0:0:0:0:0:0:0:1 - - [23/Jun/2019:08:22:24 +0800] "GET /main/static/websocket.html HTTP/1.1" 404 306 0.187
- 0:0:0:0:0:0:0:1 - - [23/Jun/2019:08:22:38 +0800] "GET /main/websocket HTTP/1.1" 500 404 0.025
- 0:0:0:0:0:0:0:1 - - [23/Jun/2019:08:23:56 +0800] "GET /main/websocket HTTP/1.1" 500 404 0.011
- 0:0:0:0:0:0:0:1 - - [23/Jun/2019:08:26:58 +0800] "GET /main/websocket HTTP/1.1" 500 404 0.192
- 0:0:0:0:0:0:0:1 - - [23/Jun/2019:08:33:50 +0800] "GET /main/websocket HTTP/1.1" 500 404 0.225
- 0:0:0:0:0:0:0:1 - - [23/Jun/2019:08:38:52 +0800] "GET /main/websocket HTTP/1.1" 500 404 0.193
- 0:0:0:0:0:0:0:1 - - [23/Jun/2019:08:40:28 +0800] "GET /main/websocket HTTP/1.1" 500 404 0.200
- 0:0:0:0:0:0:0:1 - - [23/Jun/2019:08:41:42 +0800] "GET /main/websocket HTTP/1.1" 500 404 0.208
- 0:0:0:0:0:0:0:1 - - [23/Jun/2019:08:42:46 +0800] "GET /main/websocket HTTP/1.1" 500 404 0.193
- 0:0:0:0:0:0:0:1 - - [23/Jun/2019:08:47:43 +0800] "GET /main/websocket HTTP/1.1" 500 404 0.197
- 0:0:0:0:0:0:0:1 - - [23/Jun/2019:08:49:22 +0800] "GET /main/websocket HTTP/1.1" 500 404 0.192
- 0:0:0:0:0:0:0:1 - - [23/Jun/2019:08:51:10 +0800] "GET /main/websocket HTTP/1.1" 500 404 0.214
- 0:0:0:0:0:0:0:1 - - [23/Jun/2019:08:53:44 +0800] "GET /main/websocket HTTP/1.1" 500 404 0.203
- 0:0:0:0:0:0:0:1 - - [23/Jun/2019:08:54:09 +0800] "GET /main/websocket.html HTTP/1.1" 500 404 0.016
- 0:0:0:0:0:0:0:1 - - [23/Jun/2019:08:54:23 +0800] "GET /main/websocket.html HTTP/1.1" 500 404 0.019
- 0:0:0:0:0:0:0:1 - - [23/Jun/2019:08:58:53 +0800] "GET /websocket.html HTTP/1.1" 404 796 0.003
- 0:0:0:0:0:0:0:1 - - [23/Jun/2019:08:59:07 +0800] "GET /main/websocket.html HTTP/1.1" 500 404 0.016
- 0:0:0:0:0:0:0:1 - - [23/Jun/2019:08:59:39 +0800] "GET /main/es/doctor/searchDoctor?searchContent=%E6%AD%A6%E6%B1%89%E5%B8%82%E4%B8%AD%E5%BF%83%E5%8C%BB%E9%99%A2 HTTP/1.1" 200 47 0.530
- 0:0:0:0:0:0:0:1 - - [23/Jun/2019:09:07:26 +0800] "GET /main/es/doctor/searchDoctor?searchContent=%E6%AD%A6%E6%B1%89%E5%B8%82%E4%B8%AD%E5%BF%83%E5%8C%BB%E9%99%A2 HTTP/1.1" 200 47 0.295
- 0:0:0:0:0:0:0:1 - - [23/Jun/2019:09:07:55 +0800] "GET /main/swagger-ui.html HTTP/1.1" 304 - 0.059
- 0:0:0:0:0:0:0:1 - - [23/Jun/2019:09:07:55 +0800] "GET /main/swagger-resources/configuration/ui HTTP/1.1" 200 238 0.043
- 0:0:0:0:0:0:0:1 - - [23/Jun/2019:09:07:55 +0800] "GET /main/swagger-resources HTTP/1.1" 200 80 0.009
- 0:0:0:0:0:0:0:1 - - [23/Jun/2019:09:07:55 +0800] "GET /main/v2/api-docs HTTP/1.1" 200 19325 0.083
- 0:0:0:0:0:0:0:1 - - [23/Jun/2019:09:07:55 +0800] "GET /main/swagger-resources/configuration/security HTTP/1.1" 200 81 0.004
- 0:0:0:0:0:0:0:1 - - [23/Jun/2019:09:08:10 +0800] "GET /main/es/doctor/findByHospitalNameOrDoctorName?context=%E8%B5%B5 HTTP/1.1" 200 47 0.198
- 0:0:0:0:0:0:0:1 - - [23/Jun/2019:09:10:40 +0800] "GET /main/es/doctor/findByHospitalNameOrDoctorName?context=I HTTP/1.1" 200 47 0.014
- 0:0:0:0:0:0:0:1 - - [23/Jun/2019:09:13:06 +0800] "GET /main/swagger-resources/configuration/ui HTTP/1.1" 200 238 0.112
- 0:0:0:0:0:0:0:1 - - [23/Jun/2019:09:13:06 +0800] "GET /main/swagger-resources HTTP/1.1" 200 80 0.009
- 0:0:0:0:0:0:0:1 - - [23/Jun/2019:09:13:06 +0800] "GET /main/v2/api-docs HTTP/1.1" 200 19325 0.099
- 0:0:0:0:0:0:0:1 - - [23/Jun/2019:09:13:06 +0800] "GET /main/swagger-resources/configuration/security HTTP/1.1" 200 81 0.005
- 0:0:0:0:0:0:0:1 - - [23/Jun/2019:09:13:22 +0800] "GET /main/websocket HTTP/1.1" 500 404 0.145
- 0:0:0:0:0:0:0:1 - - [23/Jun/2019:09:14:08 +0800] "GET /main/websocket HTTP/1.1" 500 404 0.198
- 0:0:0:0:0:0:0:1 - - [23/Jun/2019:09:14:57 +0800] "GET /main/websocket HTTP/1.1" 500 404 0.214
- 0:0:0:0:0:0:0:1 - - [23/Jun/2019:09:19:41 +0800] "GET /main/swagger-ui.html HTTP/1.1" 304 - 0.062
- 0:0:0:0:0:0:0:1 - - [23/Jun/2019:09:19:42 +0800] "GET /main/swagger-resources/configuration/ui HTTP/1.1" 200 238 0.058
- 0:0:0:0:0:0:0:1 - - [23/Jun/2019:09:19:42 +0800] "GET /main/swagger-resources HTTP/1.1" 200 80 0.008
- 0:0:0:0:0:0:0:1 - - [23/Jun/2019:09:19:42 +0800] "GET /main/v2/api-docs HTTP/1.1" 200 19325 0.081
- 0:0:0:0:0:0:0:1 - - [23/Jun/2019:09:19:42 +0800] "GET /main/swagger-resources/configuration/security HTTP/1.1" 200 81 0.004
- 0:0:0:0:0:0:0:1 - - [23/Jun/2019:09:19:51 +0800] "GET /main/es/doctor/findByHospitalNameOrDoctorName?context=%E8%B5%B5 HTTP/1.1" 200 47 0.191
- 0:0:0:0:0:0:0:1 - - [23/Jun/2019:09:22:20 +0800] "GET /main/es/doctor/findByHospitalNameOrDoctorName?context=%E8%B5%B5 HTTP/1.1" 200 47 0.284
- 0:0:0:0:0:0:0:1 - - [23/Jun/2019:09:23:25 +0800] "GET /main/es/doctor/findByHospitalNameOrDoctorName?context=%E8%B5%B5 HTTP/1.1" 200 47 0.285
- 0:0:0:0:0:0:0:1 - - [23/Jun/2019:10:09:47 +0800] "GET /main/swagger-ui.html HTTP/1.1" 304 - 0.058
- 0:0:0:0:0:0:0:1 - - [23/Jun/2019:10:09:47 +0800] "GET /main/swagger-resources/configuration/ui HTTP/1.1" 200 238 0.042
- 0:0:0:0:0:0:0:1 - - [23/Jun/2019:10:09:47 +0800] "GET /main/swagger-resources HTTP/1.1" 200 80 0.009
- 0:0:0:0:0:0:0:1 - - [23/Jun/2019:10:09:47 +0800] "GET /main/v2/api-docs HTTP/1.1" 200 19325 0.084
- 0:0:0:0:0:0:0:1 - - [23/Jun/2019:10:09:47 +0800] "GET /main/swagger-resources/configuration/security HTTP/1.1" 200 81 0.005
- 0:0:0:0:0:0:0:1 - - [23/Jun/2019:10:09:56 +0800] "GET /main/es/doctor/findByHospitalNameOrDoctorName?context=%E8%B5%B5 HTTP/1.1" 200 8173 0.228
- 0:0:0:0:0:0:0:1 - - [23/Jun/2019:10:10:11 +0800] "GET /main/es/doctor/findByHospitalNameOrDoctorName?context=%E6%AD%A6%E6%B1%89%E5%B8%82%E4%B8%AD%E5%BF%83%E5%8C%BB%E9%99%A2 HTTP/1.1" 200 4643 0.026
- 0:0:0:0:0:0:0:1 - - [23/Jun/2019:10:10:25 +0800] "GET /main/es/doctor/findByHospitalNameOrDoctorName?context=%E6%AD%A6%E6%B1%89%E4%B8%AD%E5%BF%83%E5%8C%BB%E9%99%A2 HTTP/1.1" 200 4643 0.023
- 0:0:0:0:0:0:0:1 - - [23/Jun/2019:10:10:47 +0800] "GET /main/es/doctor/findByHospitalNameOrDoctorName?context=%E6%AD%A6%E6%B1%89 HTTP/1.1" 200 8215 0.019
- 0:0:0:0:0:0:0:1 - - [23/Jun/2019:10:11:30 +0800] "GET /main/es/doctor/findByHospitalNameOrDoctorName?context=%E7%9F%B3 HTTP/1.1" 200 9547 0.014
- 0:0:0:0:0:0:0:1 - - [23/Jun/2019:10:13:04 +0800] "GET /main/es/doctor/findByHospitalNameOrDoctorName?context=%E7%9F%B3 HTTP/1.1" 200 9547 0.344
- 0:0:0:0:0:0:0:1 - - [23/Jun/2019:10:15:14 +0800] "GET /main/es/doctor/findByHospitalNameOrDoctorName?context=%E7%9F%B3 HTTP/1.1" 200 9547 0.340
- 0:0:0:0:0:0:0:1 - - [23/Jun/2019:10:17:04 +0800] "GET /main/es/doctor/findByHospitalNameOrDoctorName?context=%E7%9F%B3 HTTP/1.1" 200 9547 0.338
- 0:0:0:0:0:0:0:1 - - [23/Jun/2019:10:18:10 +0800] "GET /main/es/doctor/findByHospitalNameOrDoctorName?context=%E7%9F%B3 HTTP/1.1" 200 9547 0.352
- 0:0:0:0:0:0:0:1 - - [23/Jun/2019:10:18:33 +0800] "GET /main/es/doctor/findByHospitalNameOrDoctorName?context=%3Cscript%3E HTTP/1.1" 200 47 0.014
- 0:0:0:0:0:0:0:1 - - [23/Jun/2019:10:18:35 +0800] "GET /main/es/doctor/findByHospitalNameOrDoctorName?context=%3Cscript%3E HTTP/1.1" 200 47 0.011
- 0:0:0:0:0:0:0:1 - - [23/Jun/2019:10:19:15 +0800] "GET /main/es/doctor/findByHospitalNameOrDoctorName?context=%3Cscript%3E%3C%2Fscript%3E HTTP/1.1" 200 4686 0.127
- 0:0:0:0:0:0:0:1 - - [23/Jun/2019:10:20:51 +0800] "GET /main/es/doctor/findByHospitalNameOrDoctorName?context=%3Cscript%3E%3C%2Fscript%3E HTTP/1.1" 200 4686 0.364
- 0:0:0:0:0:0:0:1 - - [23/Jun/2019:10:22:41 +0800] "GET /main/es/doctor/findByHospitalNameOrDoctorName?context=%3Cscript%3Ealert(0)%3C%2Fscript%3E HTTP/1.1" 200 4686 0.029
- 0:0:0:0:0:0:0:1 - - [23/Jun/2019:10:24:27 +0800] "GET /main/es/doctor/findByHospitalNameOrDoctorName?context=%3Cscript%3Ealert(0)%3C%2Fscript%3E HTTP/1.1" 200 4686 0.367
- 0:0:0:0:0:0:0:1 - - [23/Jun/2019:10:25:59 +0800] "GET /main/websocket HTTP/1.1" 500 404 0.038
- 0:0:0:0:0:0:0:1 - - [23/Jun/2019:10:33:54 +0800] "GET /main/es/doctor/findByHospitalNameOrDoctorName?context=%3Cscript%3Ealert(0)%3C%2Fscript%3E HTTP/1.1" 200 4686 0.360
- 0:0:0:0:0:0:0:1 - - [23/Jun/2019:10:37:42 +0800] "GET /main/es/doctor/findByHospitalNameOrDoctorName?context=%3Cscript%3Ealert(0)%3C%2Fscript%3E HTTP/1.1" 200 4686 0.375
- 0:0:0:0:0:0:0:1 - - [23/Jun/2019:10:39:02 +0800] "GET /main/es/doctor/findByHospitalNameOrDoctorName?context=%3Cscript%3Ealert(0)%3C%2Fscript%3E HTTP/1.1" 200 47 0.310
- 0:0:0:0:0:0:0:1 - - [23/Jun/2019:10:39:28 +0800] "GET /main/es/doctor/findByHospitalNameOrDoctorName?context=%26lt%3Bscript%3Ealert(0)%3C%2Fscript%3E HTTP/1.1" 200 47 0.012
- 0:0:0:0:0:0:0:1 - - [23/Jun/2019:10:40:14 +0800] "GET /main/es/doctor/findByHospitalNameOrDoctorName?context=%26lt%3Bscript%3Ealert(0)%3C%2Fscript%3E HTTP/1.1" 200 47 0.307
- 0:0:0:0:0:0:0:1 - - [23/Jun/2019:10:41:31 +0800] "GET /main/es/doctor/findByHospitalNameOrDoctorName?context=%26lt%3Bscript%3Ealert(0)%3C%2Fscript%3E HTTP/1.1" 200 47 0.309
- 0:0:0:0:0:0:0:1 - - [23/Jun/2019:10:42:21 +0800] "GET /main/es/doctor/findByHospitalNameOrDoctorName?context=%26lt%3Bscript%3Ealert(0)%3C%2Fscript%3E HTTP/1.1" 200 47 0.325
- 0:0:0:0:0:0:0:1 - - [23/Jun/2019:10:43:43 +0800] "GET /main/es/doctor/findByHospitalNameOrDoctorName?context=%26lt%3Bscript%3Ealert(0)%3C%2Fscript%3E HTTP/1.1" 200 47 0.291
- 0:0:0:0:0:0:0:1 - - [23/Jun/2019:10:44:44 +0800] "GET /main/es/doctor/findByHospitalNameOrDoctorName?context=%26lt%3Bscript%3Ealert(0)%3C%2Fscript%3E HTTP/1.1" 200 47 0.290
- 0:0:0:0:0:0:0:1 - - [23/Jun/2019:10:45:08 +0800] "GET /main/es/doctor/findByHospitalNameOrDoctorName?context=onload HTTP/1.1" 200 47 0.013
- 0:0:0:0:0:0:0:1 - - [23/Jun/2019:10:45:12 +0800] "GET /main/es/doctor/findByHospitalNameOrDoctorName?context=onload HTTP/1.1" 200 47 0.011
- 0:0:0:0:0:0:0:1 - - [23/Jun/2019:10:45:57 +0800] "GET /main/es/doctor/findByHospitalNameOrDoctorName?context=window.open(%27http%3A%2F%2Fwww.baidu.com%27) HTTP/1.1" 200 47 0.013
- 0:0:0:0:0:0:0:1 - - [23/Jun/2019:10:46:01 +0800] "GET /main/es/doctor/findByHospitalNameOrDoctorName?context=window.open(%27http%3A%2F%2Fwww.baidu.com%27) HTTP/1.1" 200 47 0.012
- 0:0:0:0:0:0:0:1 - - [23/Jun/2019:10:47:20 +0800] "GET /main/es/doctor/findByHospitalNameOrDoctorName?context=onload(www.abc)%3D HTTP/1.1" 200 47 0.010
- 0:0:0:0:0:0:0:1 - - [23/Jun/2019:10:48:34 +0800] "GET /main/es/doctor/findByHospitalNameOrDoctorName?context=onload(www.abc)%3D HTTP/1.1" 200 47 0.312
- 0:0:0:0:0:0:0:1 - - [23/Jun/2019:10:48:43 +0800] "GET /main/swagger-ui.html HTTP/1.1" 304 - 0.011
- 0:0:0:0:0:0:0:1 - - [23/Jun/2019:10:48:43 +0800] "GET /main/swagger-resources/configuration/ui HTTP/1.1" 200 238 0.016
- 0:0:0:0:0:0:0:1 - - [23/Jun/2019:10:48:43 +0800] "GET /main/swagger-resources HTTP/1.1" 200 80 0.009
- 0:0:0:0:0:0:0:1 - - [23/Jun/2019:10:48:43 +0800] "GET /main/v2/api-docs HTTP/1.1" 200 251 0.040
- 0:0:0:0:0:0:0:1 - - [23/Jun/2019:10:48:43 +0800] "GET /main/swagger-resources/configuration/security HTTP/1.1" 200 81 0.007
- 0:0:0:0:0:0:0:1 - - [23/Jun/2019:10:49:17 +0800] "GET /main/swagger-ui.html HTTP/1.1" 304 - 0.060
- 0:0:0:0:0:0:0:1 - - [23/Jun/2019:10:49:18 +0800] "GET /main/swagger-resources/configuration/ui HTTP/1.1" 200 238 0.054
- 0:0:0:0:0:0:0:1 - - [23/Jun/2019:10:49:18 +0800] "GET /main/swagger-resources HTTP/1.1" 200 80 0.008
- 0:0:0:0:0:0:0:1 - - [23/Jun/2019:10:49:18 +0800] "GET /main/v2/api-docs HTTP/1.1" 200 19325 0.075
- 0:0:0:0:0:0:0:1 - - [23/Jun/2019:10:49:18 +0800] "GET /main/swagger-resources/configuration/security HTTP/1.1" 200 81 0.007
- 0:0:0:0:0:0:0:1 - - [23/Jun/2019:10:49:32 +0800] "GET /main/es/doctor/searchDoctor?searchContent=%E6%AD%A6%E6%B1%89%E5%B8%82%E4%B8%AD%E5%BF%83%E5%8C%BB%E9%99%A2 HTTP/1.1" 200 14877 0.328
- 0:0:0:0:0:0:0:1 - - [23/Jun/2019:10:49:42 +0800] "GET /main/es/doctor/searchDoctorCountByHospital HTTP/1.1" 200 627 0.036
- 0:0:0:0:0:0:0:1 - - [23/Jun/2019:10:50:38 +0800] "GET /main/email/sendSimpleEmail?receiver=2633750839%40qq.com HTTP/1.1" 200 - 19.528
- 0:0:0:0:0:0:0:1 - - [23/Jun/2019:10:53:10 +0800] "GET /main/enums/findAll HTTP/1.1" 200 127 0.011
- 0:0:0:0:0:0:0:1 - - [23/Jun/2019:10:53:54 +0800] "GET /main/jsonReader/findAll?key=sex_type HTTP/1.1" 200 127 0.009
- 0:0:0:0:0:0:0:1 - - [23/Jun/2019:10:54:13 +0800] "GET /main/enums/findNameByCode?code=1 HTTP/1.1" 200 50 0.008
- 0:0:0:0:0:0:0:1 - - [23/Jun/2019:10:54:35 +0800] "GET /main/jsonReader/findNameByCode?key=sex_type&code=1 HTTP/1.1" 200 50 0.006
- 0:0:0:0:0:0:0:1 - - [23/Jun/2019:10:55:43 +0800] "GET /main/excel/output/1 HTTP/1.1" 200 5287 0.340
- 0:0:0:0:0:0:0:1 - - [23/Jun/2019:10:57:15 +0800] "POST /main/excel/upload/1 HTTP/1.1" 200 61 0.051
- 0:0:0:0:0:0:0:1 - - [23/Jun/2019:10:57:40 +0800] "POST /main/excel/upload/2 HTTP/1.1" 200 61 0.026
- 0:0:0:0:0:0:0:1 - - [23/Jun/2019:10:59:36 +0800] "GET /main/imgCode/checkCode HTTP/1.1" 200 2028 0.227
- 0:0:0:0:0:0:0:1 - - [23/Jun/2019:10:59:57 +0800] "GET /main/imgCode/checkCode HTTP/1.1" 200 2249 0.023
- 0:0:0:0:0:0:0:1 - - [23/Jun/2019:11:00:00 +0800] "GET /main/imgCode/checkCode HTTP/1.1" 200 1742 0.032
- 0:0:0:0:0:0:0:1 - - [23/Jun/2019:11:00:04 +0800] "GET /main/imgCode/checkCode HTTP/1.1" 200 2136 0.020
- 0:0:0:0:0:0:0:1 - - [23/Jun/2019:11:00:24 +0800] "GET /main/log/test?input=dsfg HTTP/1.1" 200 24 0.010
- 0:0:0:0:0:0:0:1 - - [23/Jun/2019:11:00:49 +0800] "GET /main/log/testNotAutoLog?input=dsfg HTTP/1.1" 200 31 0.006
- 0:0:0:0:0:0:0:1 - - [23/Jun/2019:11:01:10 +0800] "GET /main/qrcode/othersImg?content=sdfasdf HTTP/1.1" 200 1749 0.049
- 0:0:0:0:0:0:0:1 - - [23/Jun/2019:11:01:23 +0800] "GET /main/qrcode/othersImg?content=sdfasdf HTTP/1.1" 200 1749 0.050
- 0:0:0:0:0:0:0:1 - - [23/Jun/2019:11:03:10 +0800] "GET /main/qrcode/othersImg?content=http%3A%2F%2Fwww.baidu.com HTTP/1.1" 200 15488 0.023
- 0:0:0:0:0:0:0:1 - - [23/Jun/2019:11:03:22 +0800] "GET /main/qrcode/othersImg?content=http%3A%2F%2Fwww.baidu.com HTTP/1.1" 200 15488 0.029
- 0:0:0:0:0:0:0:1 - - [23/Jun/2019:11:05:02 +0800] "GET /main/qrcode/imgWithPic HTTP/1.1" 200 29059 0.432
- 0:0:0:0:0:0:0:1 - - [23/Jun/2019:11:05:16 +0800] "GET /main/qrcode/imgWithPic HTTP/1.1" 200 29059 0.033
- 0:0:0:0:0:0:0:1 - - [23/Jun/2019:11:07:23 +0800] "GET /main/sensitiveWord/sensorWordText?text=%E7%8B%97%E6%97%A5%E7%9A%84%E6%B1%9F%E6%B3%BD%E6%B0%91 HTTP/1.1" 200 53 0.010
- 0:0:0:0:0:0:0:1 - - [23/Jun/2019:11:07:31 +0800] "GET /main/sensitiveWord/sensorWordText?text=%E7%8B%97%E6%97%A5%E7%9A%84%E6%B1%9F%E6%B3%BD%E6%B0%91%E5%93%88%E5%93%88 HTTP/1.1" 200 59 0.006
- 0:0:0:0:0:0:0:1 - - [23/Jun/2019:11:08:01 +0800] "GET /main/sensitiveWord/getDFASensorWordText?text=%E7%8B%97%E6%97%A5%E7%9A%84%E6%B1%9F%E6%B3%BD%E6%B0%91%E5%93%88%E5%93%88 HTTP/1.1" 200 59 0.005
- 0:0:0:0:0:0:0:1 - - [23/Jun/2019:11:08:27 +0800] "GET /main/sensitiveWord/getDFASensorWord?text=%E8%8D%89%E6%B3%A5%E9%A9%AC%EF%BC%8C%E7%8B%97%E6%97%A5%E7%9A%84%EF%BC%8C%E6%B1%9F%E6%B3%BD%E6%B0%91 HTTP/1.1" 200 93 0.007
- 0:0:0:0:0:0:0:1 - - [23/Jun/2019:11:08:53 +0800] "GET /main/sensitiveWord/getSensorWord?text=%E8%8D%89%E6%B3%A5%E9%A9%AC%EF%BC%8C%E7%8B%97%E6%97%A5%E7%9A%84%EF%BC%8C%E6%B1%9F%E6%B3%BD%E6%B0%91 HTTP/1.1" 200 93 0.007
- 0:0:0:0:0:0:0:1 - - [23/Jun/2019:11:09:29 +0800] "POST /main/user/accessLimit/login HTTP/1.1" 200 132 0.360
- 0:0:0:0:0:0:0:1 - - [23/Jun/2019:11:09:42 +0800] "GET /main/user/accessLimit/rateLimiterTest HTTP/1.1" 200 83 0.392
- 0:0:0:0:0:0:0:1 - - [23/Jun/2019:11:09:53 +0800] "POST /main/user/accessLimit/login HTTP/1.1" 200 80 0.015
- 0:0:0:0:0:0:0:1 - - [23/Jun/2019:11:09:53 +0800] "POST /main/user/accessLimit/login HTTP/1.1" 200 132 0.133
- 0:0:0:0:0:0:0:1 - - [23/Jun/2019:11:09:53 +0800] "POST /main/user/accessLimit/login HTTP/1.1" 200 133 0.006
- 0:0:0:0:0:0:0:1 - - [23/Jun/2019:11:09:54 +0800] "POST /main/user/accessLimit/login HTTP/1.1" 200 133 0.010
- 0:0:0:0:0:0:0:1 - - [23/Jun/2019:11:09:54 +0800] "POST /main/user/accessLimit/login HTTP/1.1" 200 133 0.297
- 0:0:0:0:0:0:0:1 - - [23/Jun/2019:11:09:54 +0800] "POST /main/user/accessLimit/login HTTP/1.1" 200 80 0.006
- 0:0:0:0:0:0:0:1 - - [23/Jun/2019:11:09:54 +0800] "POST /main/user/accessLimit/login HTTP/1.1" 200 133 0.427
- 0:0:0:0:0:0:0:1 - - [23/Jun/2019:11:09:54 +0800] "POST /main/user/accessLimit/login HTTP/1.1" 200 132 0.434
- 0:0:0:0:0:0:0:1 - - [23/Jun/2019:11:09:54 +0800] "POST /main/user/accessLimit/login HTTP/1.1" 200 133 0.198
- 0:0:0:0:0:0:0:1 - - [23/Jun/2019:11:09:55 +0800] "POST /main/user/accessLimit/login HTTP/1.1" 200 132 0.016
- 0:0:0:0:0:0:0:1 - - [23/Jun/2019:11:09:55 +0800] "POST /main/user/accessLimit/login HTTP/1.1" 200 132 0.372
- 0:0:0:0:0:0:0:1 - - [23/Jun/2019:11:09:55 +0800] "POST /main/user/accessLimit/login HTTP/1.1" 200 68 0.002
- 0:0:0:0:0:0:0:1 - - [23/Jun/2019:11:09:55 +0800] "POST /main/user/accessLimit/login HTTP/1.1" 200 132 0.407
- 0:0:0:0:0:0:0:1 - - [23/Jun/2019:11:09:58 +0800] "POST /main/user/accessLimit/login HTTP/1.1" 200 80 0.006
- 0:0:0:0:0:0:0:1 - - [23/Jun/2019:11:09:59 +0800] "POST /main/user/accessLimit/login HTTP/1.1" 200 132 0.195
- 0:0:0:0:0:0:0:1 - - [23/Jun/2019:11:09:59 +0800] "POST /main/user/accessLimit/login HTTP/1.1" 200 132 0.016
- 0:0:0:0:0:0:0:1 - - [23/Jun/2019:11:09:59 +0800] "POST /main/user/accessLimit/login HTTP/1.1" 200 132 0.289
- 0:0:0:0:0:0:0:1 - - [23/Jun/2019:11:09:59 +0800] "POST /main/user/accessLimit/login HTTP/1.1" 200 133 0.338
- 0:0:0:0:0:0:0:1 - - [23/Jun/2019:11:09:59 +0800] "POST /main/user/accessLimit/login HTTP/1.1" 200 133 0.179
- 0:0:0:0:0:0:0:1 - - [23/Jun/2019:11:10:00 +0800] "POST /main/user/accessLimit/login HTTP/1.1" 200 132 0.469
- 0:0:0:0:0:0:0:1 - - [23/Jun/2019:11:10:00 +0800] "POST /main/user/accessLimit/login HTTP/1.1" 200 132 0.398
- 0:0:0:0:0:0:0:1 - - [23/Jun/2019:11:10:00 +0800] "POST /main/user/accessLimit/login HTTP/1.1" 200 132 0.465
- 0:0:0:0:0:0:0:1 - - [23/Jun/2019:11:10:00 +0800] "POST /main/user/accessLimit/login HTTP/1.1" 200 132 0.388
- 0:0:0:0:0:0:0:1 - - [23/Jun/2019:11:10:01 +0800] "POST /main/user/accessLimit/login HTTP/1.1" 200 132 0.241
- 0:0:0:0:0:0:0:1 - - [23/Jun/2019:11:10:01 +0800] "POST /main/user/accessLimit/login HTTP/1.1" 200 133 0.426
- 0:0:0:0:0:0:0:1 - - [23/Jun/2019:11:10:01 +0800] "POST /main/user/accessLimit/login HTTP/1.1" 200 132 0.145
- 0:0:0:0:0:0:0:1 - - [23/Jun/2019:11:10:01 +0800] "POST /main/user/accessLimit/login HTTP/1.1" 200 68 0.002
- 0:0:0:0:0:0:0:1 - - [23/Jun/2019:11:10:01 +0800] "POST /main/user/accessLimit/login HTTP/1.1" 200 68 0.003
- 0:0:0:0:0:0:0:1 - - [23/Jun/2019:11:10:01 +0800] "POST /main/user/accessLimit/login HTTP/1.1" 200 68 0.002
- 0:0:0:0:0:0:0:1 - - [23/Jun/2019:11:10:01 +0800] "POST /main/user/accessLimit/login HTTP/1.1" 200 68 0.002
- 0:0:0:0:0:0:0:1 - - [23/Jun/2019:11:10:42 +0800] "POST /main/user/accessLimit/register HTTP/1.1" 200 88 0.100
- 0:0:0:0:0:0:0:1 - - [23/Jun/2019:11:10:42 +0800] "POST /main/user/accessLimit/register HTTP/1.1" 200 97 0.007
- 0:0:0:0:0:0:0:1 - - [23/Jun/2019:11:10:42 +0800] "POST /main/user/accessLimit/register HTTP/1.1" 200 88 0.331
- 0:0:0:0:0:0:0:1 - - [23/Jun/2019:11:10:43 +0800] "POST /main/user/accessLimit/register HTTP/1.1" 200 88 0.012
- 0:0:0:0:0:0:0:1 - - [23/Jun/2019:11:10:43 +0800] "POST /main/user/accessLimit/register HTTP/1.1" 200 88 0.428
- 0:0:0:0:0:0:0:1 - - [23/Jun/2019:11:10:43 +0800] "POST /main/user/accessLimit/register HTTP/1.1" 200 88 0.185
- 0:0:0:0:0:0:0:1 - - [23/Jun/2019:11:10:43 +0800] "POST /main/user/accessLimit/register HTTP/1.1" 200 68 0.003
- 0:0:0:0:0:0:0:1 - - [23/Jun/2019:11:10:43 +0800] "POST /main/user/accessLimit/register HTTP/1.1" 200 68 0.002
- 0:0:0:0:0:0:0:1 - - [23/Jun/2019:11:10:43 +0800] "POST /main/user/accessLimit/register HTTP/1.1" 200 88 0.401
- 0:0:0:0:0:0:0:1 - - [23/Jun/2019:11:10:43 +0800] "POST /main/user/accessLimit/register HTTP/1.1" 200 68 0.002
- 0:0:0:0:0:0:0:1 - - [23/Jun/2019:11:10:58 +0800] "POST /main/user/async/register HTTP/1.1" 200 88 0.133
- 0:0:0:0:0:0:0:1 - - [23/Jun/2019:11:11:22 +0800] "POST /main/user/crossOrigin/register HTTP/1.1" 200 88 0.304
- 0:0:0:0:0:0:0:1 - - [23/Jun/2019:17:08:33 +0800] "GET /main/swagger-ui.html HTTP/1.1" 304 - 0.056
- 0:0:0:0:0:0:0:1 - - [23/Jun/2019:17:08:33 +0800] "GET /main/swagger-resources/configuration/ui HTTP/1.1" 200 238 0.045
- 0:0:0:0:0:0:0:1 - - [23/Jun/2019:17:08:33 +0800] "GET /main/swagger-resources HTTP/1.1" 200 80 0.010
- 0:0:0:0:0:0:0:1 - - [23/Jun/2019:17:08:33 +0800] "GET /main/v2/api-docs HTTP/1.1" 200 19843 0.085
- 0:0:0:0:0:0:0:1 - - [23/Jun/2019:17:08:33 +0800] "GET /main/swagger-resources/configuration/security HTTP/1.1" 200 81 0.004
- 0:0:0:0:0:0:0:1 - - [23/Jun/2019:17:08:56 +0800] "GET /main/rabbitMQ/user/registerForRabbitMQTest HTTP/1.1" 200 13716 0.461
- 0:0:0:0:0:0:0:1 - - [23/Jun/2019:17:15:11 +0800] "GET /main/rabbitMQ/user/registerForRabbitMQTest HTTP/1.1" 200 13716 0.508
- 0:0:0:0:0:0:0:1 - - [23/Jun/2019:17:16:19 +0800] "GET /main/rabbitMQ/user/registerForRabbitMQTest HTTP/1.1" 200 302 0.634
- 0:0:0:0:0:0:0:1 - - [23/Jun/2019:17:36:34 +0800] "GET /main/swagger-ui.html HTTP/1.1" 304 - 0.059
- 0:0:0:0:0:0:0:1 - - [23/Jun/2019:17:36:35 +0800] "GET /main/swagger-resources/configuration/ui HTTP/1.1" 200 238 0.050
- 0:0:0:0:0:0:0:1 - - [23/Jun/2019:17:36:35 +0800] "GET /main/swagger-resources HTTP/1.1" 200 80 0.009
- 0:0:0:0:0:0:0:1 - - [23/Jun/2019:17:36:35 +0800] "GET /main/v2/api-docs HTTP/1.1" 200 19297 0.075
- 0:0:0:0:0:0:0:1 - - [23/Jun/2019:17:36:35 +0800] "GET /main/swagger-resources/configuration/security HTTP/1.1" 200 81 0.004
- 0:0:0:0:0:0:0:1 - - [23/Jun/2019:17:37:04 +0800] "GET /main/rabbitMQ/user/registerForRabbitMQTest HTTP/1.1" 200 300 0.503
- 0:0:0:0:0:0:0:1 - - [23/Jun/2019:17:41:00 +0800] "GET /main/swagger-ui.html HTTP/1.1" 304 - 0.055
- 0:0:0:0:0:0:0:1 - - [23/Jun/2019:17:41:00 +0800] "GET /main/swagger-resources/configuration/ui HTTP/1.1" 200 238 0.044
- 0:0:0:0:0:0:0:1 - - [23/Jun/2019:17:41:00 +0800] "GET /main/swagger-resources HTTP/1.1" 200 80 0.009
- 0:0:0:0:0:0:0:1 - - [23/Jun/2019:17:41:01 +0800] "GET /main/v2/api-docs HTTP/1.1" 200 15568 0.085
- 0:0:0:0:0:0:0:1 - - [23/Jun/2019:17:41:01 +0800] "GET /main/swagger-resources/configuration/security HTTP/1.1" 200 81 0.005
- 0:0:0:0:0:0:0:1 - - [23/Jun/2019:17:52:12 +0800] "GET /main/swagger-ui.html HTTP/1.1" 304 - 0.061
- 0:0:0:0:0:0:0:1 - - [23/Jun/2019:17:52:12 +0800] "GET /main/swagger-resources/configuration/ui HTTP/1.1" 200 238 0.047
- 0:0:0:0:0:0:0:1 - - [23/Jun/2019:17:52:12 +0800] "GET /main/swagger-resources HTTP/1.1" 200 80 0.010
- 0:0:0:0:0:0:0:1 - - [23/Jun/2019:17:52:12 +0800] "GET /main/v2/api-docs HTTP/1.1" 200 15487 0.096
- 0:0:0:0:0:0:0:1 - - [23/Jun/2019:17:52:12 +0800] "GET /main/swagger-resources/configuration/security HTTP/1.1" 200 81 0.004
- 0:0:0:0:0:0:0:1 - - [23/Jun/2019:17:56:10 +0800] "GET /main/excel/output/1 HTTP/1.1" 200 5291 0.908
- 0:0:0:0:0:0:0:1 - - [23/Jun/2019:18:00:45 +0800] "GET /main/excel/output/1 HTTP/1.1" 200 5291 0.053
- 0:0:0:0:0:0:0:1 - - [23/Jun/2019:18:03:53 +0800] "GET /main/excel/output/1 HTTP/1.1" 200 11750 0.259
- 0:0:0:0:0:0:0:1 - - [23/Jun/2019:18:06:08 +0800] "GET /main/excel/output/0 HTTP/1.1" 200 11796 0.470
- 0:0:0:0:0:0:0:1 - - [23/Jun/2019:18:15:57 +0800] "GET /main/swagger-ui.html HTTP/1.1" 304 - 0.061
- 0:0:0:0:0:0:0:1 - - [23/Jun/2019:18:15:57 +0800] "GET /main/swagger-resources/configuration/ui HTTP/1.1" 200 238 0.050
- 0:0:0:0:0:0:0:1 - - [23/Jun/2019:18:15:57 +0800] "GET /main/swagger-resources HTTP/1.1" 200 80 0.008
- 0:0:0:0:0:0:0:1 - - [23/Jun/2019:18:15:57 +0800] "GET /main/v2/api-docs HTTP/1.1" 200 15487 0.074
- 0:0:0:0:0:0:0:1 - - [23/Jun/2019:18:15:57 +0800] "GET /main/swagger-resources/configuration/security HTTP/1.1" 200 81 0.005
- 0:0:0:0:0:0:0:1 - - [23/Jun/2019:18:16:04 +0800] "GET /main/excel/output/0 HTTP/1.1" 200 11796 0.240
- 0:0:0:0:0:0:0:1 - - [23/Jun/2019:18:39:46 +0800] "POST /main/excel/upload/0 HTTP/1.1" 200 4736 0.519
- 0:0:0:0:0:0:0:1 - - [23/Jun/2019:18:40:04 +0800] "GET /main/excel/output/0 HTTP/1.1" 200 11796 0.040
- 0:0:0:0:0:0:0:1 - - [23/Jun/2019:18:46:44 +0800] "GET /main/excel/output/0 HTTP/1.1" 200 11796 157.816
- 0:0:0:0:0:0:0:1 - - [23/Jun/2019:19:17:13 +0800] "GET /main/excel/output/0 HTTP/1.1" 200 11796 34.946
- 0:0:0:0:0:0:0:1 - - [23/Jun/2019:19:17:55 +0800] "GET /main/excel/output/0 HTTP/1.1" 200 11796 1.109
- 0:0:0:0:0:0:0:1 - - [23/Jun/2019:19:19:49 +0800] "GET /main/excel/output/0 HTTP/1.1" 200 11796 0.317
- 0:0:0:0:0:0:0:1 - - [23/Jun/2019:19:22:51 +0800] "GET /main/swagger-ui.html HTTP/1.1" 304 - 0.059
- 0:0:0:0:0:0:0:1 - - [23/Jun/2019:19:22:51 +0800] "GET /main/swagger-resources/configuration/ui HTTP/1.1" 200 238 0.057
- 0:0:0:0:0:0:0:1 - - [23/Jun/2019:19:22:51 +0800] "GET /main/swagger-resources HTTP/1.1" 200 80 0.010
- 0:0:0:0:0:0:0:1 - - [23/Jun/2019:19:22:51 +0800] "GET /main/v2/api-docs HTTP/1.1" 200 15487 0.086
- 0:0:0:0:0:0:0:1 - - [23/Jun/2019:19:22:51 +0800] "GET /main/swagger-resources/configuration/security HTTP/1.1" 200 81 0.004
- 0:0:0:0:0:0:0:1 - - [23/Jun/2019:19:23:02 +0800] "GET /main/excel/output/0 HTTP/1.1" 200 11796 0.243
- 0:0:0:0:0:0:0:1 - - [23/Jun/2019:19:26:03 +0800] "GET /main/excel/output/0 HTTP/1.1" 200 11796 0.363
- 0:0:0:0:0:0:0:1 - - [23/Jun/2019:21:06:03 +0800] "GET /main/ HTTP/1.1" 200 927 0.332
- 0:0:0:0:0:0:0:1 - - [23/Jun/2019:21:07:51 +0800] "GET /main/ HTTP/1.1" 200 947 0.316
- 0:0:0:0:0:0:0:1 - - [23/Jun/2019:21:20:05 +0800] "GET /main/ HTTP/1.1" 200 950 0.331
