- 0:0:0:0:0:0:0:1 - - [25/Jun/2019:12:38:49 +0800] "GET /main/system HTTP/1.1" 200 1760 0.501
- 0:0:0:0:0:0:0:1 - - [25/Jun/2019:12:38:49 +0800] "GET /systemWebsocket HTTP/1.1" 404 796 0.003
- 0:0:0:0:0:0:0:1 - - [25/Jun/2019:12:38:49 +0800] "GET /favicon.ico HTTP/1.1" 404 796 0.001
- 0:0:0:0:0:0:0:1 - - [25/Jun/2019:12:41:36 +0800] "GET /main/system HTTP/1.1" 200 1765 0.340
- 0:0:0:0:0:0:0:1 - - [25/Jun/2019:12:41:36 +0800] "GET /main/systemWebsocket HTTP/1.1" 404 135 0.162
- 0:0:0:0:0:0:0:1 - - [25/Jun/2019:20:20:16 +0800] "GET /main/ HTTP/1.1" 200 747 0.345
- 0:0:0:0:0:0:0:1 - - [25/Jun/2019:20:20:16 +0800] "GET /main/imgcode/othersImg?content=laia,who%20pa%20who? HTTP/1.1" 200 13605 0.220
- 0:0:0:0:0:0:0:1 - - [25/Jun/2019:20:20:16 +0800] "GET /main/imgcode/imgWithPic HTTP/1.1" 200 29059 0.241
- 0:0:0:0:0:0:0:1 - - [25/Jun/2019:20:20:16 +0800] "GET /main/imgcode/checkCode HTTP/1.1" 200 1950 0.247
- 0:0:0:0:0:0:0:1 - - [25/Jun/2019:20:20:16 +0800] "GET /favicon.ico HTTP/1.1" 404 796 0.002
- 0:0:0:0:0:0:0:1 - - [25/Jun/2019:20:20:23 +0800] "GET /main/websocket HTTP/1.1" 200 2008 0.092
- 0:0:0:0:0:0:0:1 - - [25/Jun/2019:20:20:23 +0800] "GET /main/websocket/0 HTTP/1.1" 101 - 0.041
- 0:0:0:0:0:0:0:1 - - [25/Jun/2019:20:20:43 +0800] "GET /main/system HTTP/1.1" 200 1765 0.111
- 0:0:0:0:0:0:0:1 - - [25/Jun/2019:20:20:43 +0800] "GET /main/systemWebsocket HTTP/1.1" 101 - 0.006
- 0:0:0:0:0:0:0:1 - - [25/Jun/2019:20:23:33 +0800] "GET /main/druid HTTP/1.1" 302 - 0.000
- 0:0:0:0:0:0:0:1 - - [25/Jun/2019:20:23:33 +0800] "GET /main/druid/login.html HTTP/1.1" 200 3423 0.005
- 0:0:0:0:0:0:0:1 - - [25/Jun/2019:20:23:33 +0800] "GET /main/druid/css/bootstrap.min.css HTTP/1.1" 200 95686 0.006
- 0:0:0:0:0:0:0:1 - - [25/Jun/2019:20:23:33 +0800] "GET /main/druid/js/jquery.min.js HTTP/1.1" 200 92931 0.006
- 0:0:0:0:0:0:0:1 - - [25/Jun/2019:20:23:40 +0800] "POST /main/druid/submitLogin HTTP/1.1" 200 7 0.000
- 0:0:0:0:0:0:0:1 - - [25/Jun/2019:20:23:40 +0800] "GET /main/druid/index.html HTTP/1.1" 200 3379 0.006
- 0:0:0:0:0:0:0:1 - - [25/Jun/2019:20:23:40 +0800] "GET /main/druid/css/style.css HTTP/1.1" 200 834 0.003
- 0:0:0:0:0:0:0:1 - - [25/Jun/2019:20:23:40 +0800] "GET /main/druid/js/lang.js HTTP/1.1" 200 19397 0.004
- 0:0:0:0:0:0:0:1 - - [25/Jun/2019:20:23:40 +0800] "GET /main/druid/js/common.js HTTP/1.1" 200 5030 0.003
- 0:0:0:0:0:0:0:1 - - [25/Jun/2019:20:23:40 +0800] "GET /main/druid/js/jquery.min.js HTTP/1.1" 200 92931 0.005
- 0:0:0:0:0:0:0:1 - - [25/Jun/2019:20:23:40 +0800] "GET /main/druid/css/bootstrap.min.css HTTP/1.1" 200 95686 0.008
- 0:0:0:0:0:0:0:1 - - [25/Jun/2019:20:23:41 +0800] "GET /main/druid/header.html HTTP/1.1" 200 1576 0.001
- 0:0:0:0:0:0:0:1 - - [25/Jun/2019:20:23:41 +0800] "POST /main/druid/basic.json HTTP/1.1" 200 18883 0.010
- 0:0:0:0:0:0:0:1 - - [25/Jun/2019:20:23:43 +0800] "GET /main/druid/sql.html HTTP/1.1" 200 11074 0.002
- 0:0:0:0:0:0:0:1 - - [25/Jun/2019:20:23:43 +0800] "GET /main/druid/css/style.css HTTP/1.1" 200 834 0.002
- 0:0:0:0:0:0:0:1 - - [25/Jun/2019:20:23:43 +0800] "GET /main/druid/js/lang.js HTTP/1.1" 200 19397 0.002
- 0:0:0:0:0:0:0:1 - - [25/Jun/2019:20:23:43 +0800] "GET /main/druid/js/common.js HTTP/1.1" 200 5030 0.001
- 0:0:0:0:0:0:0:1 - - [25/Jun/2019:20:23:43 +0800] "GET /main/druid/js/bootstrap.min.js HTTP/1.1" 200 1400 0.002
- 0:0:0:0:0:0:0:1 - - [25/Jun/2019:20:23:43 +0800] "GET /main/druid/css/bootstrap.min.css HTTP/1.1" 200 95686 0.006
- 0:0:0:0:0:0:0:1 - - [25/Jun/2019:20:23:43 +0800] "GET /main/druid/js/jquery.min.js HTTP/1.1" 200 92931 0.006
- 0:0:0:0:0:0:0:1 - - [25/Jun/2019:20:23:43 +0800] "GET /main/druid/header.html HTTP/1.1" 200 1576 0.002
- 0:0:0:0:0:0:0:1 - - [25/Jun/2019:20:23:43 +0800] "POST /main/druid/sql.json?orderBy=SQL&orderType=desc&page=1&perPageCount=1000000& HTTP/1.1" 200 31 0.004
- 0:0:0:0:0:0:0:1 - - [25/Jun/2019:20:23:43 +0800] "POST /main/druid/sql.json?orderBy=SQL&orderType=desc&page=1&perPageCount=1000000& HTTP/1.1" 200 31 0.003
- 0:0:0:0:0:0:0:1 - - [25/Jun/2019:20:23:46 +0800] "GET /main/druid/wall.html HTTP/1.1" 200 15883 0.002
- 0:0:0:0:0:0:0:1 - - [25/Jun/2019:20:23:46 +0800] "GET /main/druid/css/style.css HTTP/1.1" 200 834 0.002
- 0:0:0:0:0:0:0:1 - - [25/Jun/2019:20:23:46 +0800] "GET /main/druid/js/common.js HTTP/1.1" 200 5030 0.002
- 0:0:0:0:0:0:0:1 - - [25/Jun/2019:20:23:46 +0800] "GET /main/druid/js/bootstrap.min.js HTTP/1.1" 200 1400 0.001
- 0:0:0:0:0:0:0:1 - - [25/Jun/2019:20:23:46 +0800] "GET /main/druid/js/lang.js HTTP/1.1" 200 19397 0.002
- 0:0:0:0:0:0:0:1 - - [25/Jun/2019:20:23:46 +0800] "GET /main/druid/css/bootstrap.min.css HTTP/1.1" 200 95686 0.005
- 0:0:0:0:0:0:0:1 - - [25/Jun/2019:20:23:46 +0800] "GET /main/druid/js/jquery.min.js HTTP/1.1" 200 92931 0.008
- 0:0:0:0:0:0:0:1 - - [25/Jun/2019:20:23:46 +0800] "GET /main/druid/header.html HTTP/1.1" 200 1576 0.003
- 0:0:0:0:0:0:0:1 - - [25/Jun/2019:20:23:46 +0800] "POST /main/druid/wall.json?orderBy=&orderType=asc&page=1&perPageCount=1000000& HTTP/1.1" 200 271 0.004
- 0:0:0:0:0:0:0:1 - - [25/Jun/2019:20:23:49 +0800] "GET /main/druid/webapp.html HTTP/1.1" 200 2753 0.001
- 0:0:0:0:0:0:0:1 - - [25/Jun/2019:20:23:49 +0800] "GET /main/druid/js/doT.js HTTP/1.1" 200 4910 0.004
- 0:0:0:0:0:0:0:1 - - [25/Jun/2019:20:23:49 +0800] "GET /main/druid/css/style.css HTTP/1.1" 200 834 0.003
- 0:0:0:0:0:0:0:1 - - [25/Jun/2019:20:23:49 +0800] "GET /main/druid/js/bootstrap.min.js HTTP/1.1" 200 1400 0.003
- 0:0:0:0:0:0:0:1 - - [25/Jun/2019:20:23:49 +0800] "GET /main/druid/js/lang.js HTTP/1.1" 200 19397 0.003
- 0:0:0:0:0:0:0:1 - - [25/Jun/2019:20:23:49 +0800] "GET /main/druid/js/common.js HTTP/1.1" 200 5030 0.002
- 0:0:0:0:0:0:0:1 - - [25/Jun/2019:20:23:49 +0800] "GET /main/druid/js/jquery.min.js HTTP/1.1" 200 92931 0.008
- 0:0:0:0:0:0:0:1 - - [25/Jun/2019:20:23:49 +0800] "GET /main/druid/css/bootstrap.min.css HTTP/1.1" 200 95686 0.009
- 0:0:0:0:0:0:0:1 - - [25/Jun/2019:20:23:49 +0800] "GET /main/druid/header.html HTTP/1.1" 200 1576 0.001
- 0:0:0:0:0:0:0:1 - - [25/Jun/2019:20:23:49 +0800] "POST /main/druid/webapp.json HTTP/1.1" 200 1310 0.007
- 0:0:0:0:0:0:0:1 - - [25/Jun/2019:20:23:50 +0800] "GET /main/druid/weburi.html HTTP/1.1" 200 7650 0.001
- 0:0:0:0:0:0:0:1 - - [25/Jun/2019:20:23:50 +0800] "GET /main/druid/css/style.css HTTP/1.1" 200 834 0.002
- 0:0:0:0:0:0:0:1 - - [25/Jun/2019:20:23:50 +0800] "GET /main/druid/js/common.js HTTP/1.1" 200 5030 0.001
- 0:0:0:0:0:0:0:1 - - [25/Jun/2019:20:23:50 +0800] "GET /main/druid/js/lang.js HTTP/1.1" 200 19397 0.003
- 0:0:0:0:0:0:0:1 - - [25/Jun/2019:20:23:50 +0800] "GET /main/druid/js/jquery.min.js HTTP/1.1" 200 92931 0.005
- 0:0:0:0:0:0:0:1 - - [25/Jun/2019:20:23:50 +0800] "GET /main/druid/css/bootstrap.min.css HTTP/1.1" 200 95686 0.006
- 0:0:0:0:0:0:0:1 - - [25/Jun/2019:20:23:50 +0800] "GET /main/druid/header.html HTTP/1.1" 200 1576 0.002
- 0:0:0:0:0:0:0:1 - - [25/Jun/2019:20:23:50 +0800] "POST /main/druid/weburi.json?orderBy=URI&orderType=desc&page=1&perPageCount=1000000& HTTP/1.1" 200 13067 0.098
- 0:0:0:0:0:0:0:1 - - [25/Jun/2019:20:23:50 +0800] "POST /main/druid/weburi.json?orderBy=URI&orderType=desc&page=1&perPageCount=1000000& HTTP/1.1" 200 13067 0.100
- 0:0:0:0:0:0:0:1 - - [25/Jun/2019:20:23:55 +0800] "POST /main/druid/weburi.json?orderBy=URI&orderType=desc&page=1&perPageCount=1000000& HTTP/1.1" 200 13692 0.005
- 0:0:0:0:0:0:0:1 - - [25/Jun/2019:20:24:00 +0800] "POST /main/druid/weburi.json?orderBy=URI&orderType=desc&page=1&perPageCount=1000000& HTTP/1.1" 200 13692 0.000
- 0:0:0:0:0:0:0:1 - - [25/Jun/2019:20:24:05 +0800] "POST /main/druid/weburi.json?orderBy=URI&orderType=desc&page=1&perPageCount=1000000& HTTP/1.1" 200 13692 0.000
- 0:0:0:0:0:0:0:1 - - [25/Jun/2019:20:24:10 +0800] "POST /main/druid/weburi.json?orderBy=URI&orderType=desc&page=1&perPageCount=1000000& HTTP/1.1" 200 13692 0.009
- 0:0:0:0:0:0:0:1 - - [25/Jun/2019:20:24:16 +0800] "POST /main/druid/weburi.json?orderBy=URI&orderType=desc&page=1&perPageCount=1000000& HTTP/1.1" 200 13692 0.000
- 0:0:0:0:0:0:0:1 - - [25/Jun/2019:20:24:22 +0800] "POST /main/druid/weburi.json?orderBy=URI&orderType=desc&page=1&perPageCount=1000000& HTTP/1.1" 200 13692 0.006
- 0:0:0:0:0:0:0:1 - - [25/Jun/2019:20:24:28 +0800] "POST /main/druid/weburi.json?orderBy=URI&orderType=desc&page=1&perPageCount=1000000& HTTP/1.1" 200 13692 0.000
- 0:0:0:0:0:0:0:1 - - [25/Jun/2019:20:24:34 +0800] "POST /main/druid/weburi.json?orderBy=URI&orderType=desc&page=1&perPageCount=1000000& HTTP/1.1" 200 13693 0.002
- 0:0:0:0:0:0:0:1 - - [25/Jun/2019:20:24:40 +0800] "POST /main/druid/weburi.json?orderBy=URI&orderType=desc&page=1&perPageCount=1000000& HTTP/1.1" 200 13693 0.000
- 0:0:0:0:0:0:0:1 - - [25/Jun/2019:20:24:46 +0800] "POST /main/druid/weburi.json?orderBy=URI&orderType=desc&page=1&perPageCount=1000000& HTTP/1.1" 200 13693 0.000
- 0:0:0:0:0:0:0:1 - - [25/Jun/2019:20:24:52 +0800] "POST /main/druid/weburi.json?orderBy=URI&orderType=desc&page=1&perPageCount=1000000& HTTP/1.1" 200 13694 0.000
- 0:0:0:0:0:0:0:1 - - [25/Jun/2019:20:24:58 +0800] "POST /main/druid/weburi.json?orderBy=URI&orderType=desc&page=1&perPageCount=1000000& HTTP/1.1" 200 13694 0.000
- 0:0:0:0:0:0:0:1 - - [25/Jun/2019:20:25:04 +0800] "POST /main/druid/weburi.json?orderBy=URI&orderType=desc&page=1&perPageCount=1000000& HTTP/1.1" 200 13694 0.000
- 0:0:0:0:0:0:0:1 - - [25/Jun/2019:20:25:10 +0800] "POST /main/druid/weburi.json?orderBy=URI&orderType=desc&page=1&perPageCount=1000000& HTTP/1.1" 200 13694 0.000
- 0:0:0:0:0:0:0:1 - - [25/Jun/2019:20:25:16 +0800] "POST /main/druid/weburi.json?orderBy=URI&orderType=desc&page=1&perPageCount=1000000& HTTP/1.1" 200 13694 0.000
- 0:0:0:0:0:0:0:1 - - [25/Jun/2019:20:25:22 +0800] "POST /main/druid/weburi.json?orderBy=URI&orderType=desc&page=1&perPageCount=1000000& HTTP/1.1" 200 13694 0.000
- 0:0:0:0:0:0:0:1 - - [25/Jun/2019:20:25:28 +0800] "POST /main/druid/weburi.json?orderBy=URI&orderType=desc&page=1&perPageCount=1000000& HTTP/1.1" 200 13694 0.000
- 0:0:0:0:0:0:0:1 - - [25/Jun/2019:20:25:34 +0800] "POST /main/druid/weburi.json?orderBy=URI&orderType=desc&page=1&perPageCount=1000000& HTTP/1.1" 200 13694 0.000
- 0:0:0:0:0:0:0:1 - - [25/Jun/2019:20:25:40 +0800] "POST /main/druid/weburi.json?orderBy=URI&orderType=desc&page=1&perPageCount=1000000& HTTP/1.1" 200 13694 0.000
- 0:0:0:0:0:0:0:1 - - [25/Jun/2019:20:25:46 +0800] "POST /main/druid/weburi.json?orderBy=URI&orderType=desc&page=1&perPageCount=1000000& HTTP/1.1" 200 13694 0.000
- 0:0:0:0:0:0:0:1 - - [25/Jun/2019:20:25:52 +0800] "POST /main/druid/weburi.json?orderBy=URI&orderType=desc&page=1&perPageCount=1000000& HTTP/1.1" 200 13694 0.000
- 0:0:0:0:0:0:0:1 - - [25/Jun/2019:20:25:58 +0800] "POST /main/druid/weburi.json?orderBy=URI&orderType=desc&page=1&perPageCount=1000000& HTTP/1.1" 200 13694 0.000
- 0:0:0:0:0:0:0:1 - - [25/Jun/2019:20:26:04 +0800] "POST /main/druid/weburi.json?orderBy=URI&orderType=desc&page=1&perPageCount=1000000& HTTP/1.1" 200 13694 0.000
- 0:0:0:0:0:0:0:1 - - [25/Jun/2019:20:26:10 +0800] "POST /main/druid/weburi.json?orderBy=URI&orderType=desc&page=1&perPageCount=1000000& HTTP/1.1" 200 13694 0.000
- 0:0:0:0:0:0:0:1 - - [25/Jun/2019:20:26:16 +0800] "POST /main/druid/weburi.json?orderBy=URI&orderType=desc&page=1&perPageCount=1000000& HTTP/1.1" 200 13694 0.000
- 0:0:0:0:0:0:0:1 - - [25/Jun/2019:20:26:22 +0800] "POST /main/druid/weburi.json?orderBy=URI&orderType=desc&page=1&perPageCount=1000000& HTTP/1.1" 200 13694 0.000
- 0:0:0:0:0:0:0:1 - - [25/Jun/2019:20:26:28 +0800] "POST /main/druid/weburi.json?orderBy=URI&orderType=desc&page=1&perPageCount=1000000& HTTP/1.1" 200 13694 0.000
- 0:0:0:0:0:0:0:1 - - [25/Jun/2019:20:26:34 +0800] "POST /main/druid/weburi.json?orderBy=URI&orderType=desc&page=1&perPageCount=1000000& HTTP/1.1" 200 13694 0.000
- 0:0:0:0:0:0:0:1 - - [25/Jun/2019:20:26:40 +0800] "POST /main/druid/weburi.json?orderBy=URI&orderType=desc&page=1&perPageCount=1000000& HTTP/1.1" 200 13694 0.000
- 0:0:0:0:0:0:0:1 - - [25/Jun/2019:20:26:46 +0800] "POST /main/druid/weburi.json?orderBy=URI&orderType=desc&page=1&perPageCount=1000000& HTTP/1.1" 200 13694 0.000
- 0:0:0:0:0:0:0:1 - - [25/Jun/2019:20:26:52 +0800] "POST /main/druid/weburi.json?orderBy=URI&orderType=desc&page=1&perPageCount=1000000& HTTP/1.1" 200 13694 0.000
- 0:0:0:0:0:0:0:1 - - [25/Jun/2019:20:26:58 +0800] "POST /main/druid/weburi.json?orderBy=URI&orderType=desc&page=1&perPageCount=1000000& HTTP/1.1" 200 13694 0.000
- 0:0:0:0:0:0:0:1 - - [25/Jun/2019:20:27:04 +0800] "POST /main/druid/weburi.json?orderBy=URI&orderType=desc&page=1&perPageCount=1000000& HTTP/1.1" 200 13694 0.000
- 0:0:0:0:0:0:0:1 - - [25/Jun/2019:20:27:10 +0800] "POST /main/druid/weburi.json?orderBy=URI&orderType=desc&page=1&perPageCount=1000000& HTTP/1.1" 200 13694 0.000
- 0:0:0:0:0:0:0:1 - - [25/Jun/2019:20:27:16 +0800] "POST /main/druid/weburi.json?orderBy=URI&orderType=desc&page=1&perPageCount=1000000& HTTP/1.1" 200 13694 0.000
- 0:0:0:0:0:0:0:1 - - [25/Jun/2019:20:27:22 +0800] "POST /main/druid/weburi.json?orderBy=URI&orderType=desc&page=1&perPageCount=1000000& HTTP/1.1" 200 13694 0.000
- 0:0:0:0:0:0:0:1 - - [25/Jun/2019:20:27:28 +0800] "POST /main/druid/weburi.json?orderBy=URI&orderType=desc&page=1&perPageCount=1000000& HTTP/1.1" 200 13694 0.000
- 0:0:0:0:0:0:0:1 - - [25/Jun/2019:20:27:34 +0800] "POST /main/druid/weburi.json?orderBy=URI&orderType=desc&page=1&perPageCount=1000000& HTTP/1.1" 200 13694 0.000
- 0:0:0:0:0:0:0:1 - - [25/Jun/2019:20:27:40 +0800] "POST /main/druid/weburi.json?orderBy=URI&orderType=desc&page=1&perPageCount=1000000& HTTP/1.1" 200 13694 0.000
- 0:0:0:0:0:0:0:1 - - [25/Jun/2019:20:27:46 +0800] "POST /main/druid/weburi.json?orderBy=URI&orderType=desc&page=1&perPageCount=1000000& HTTP/1.1" 200 13694 0.000
- 0:0:0:0:0:0:0:1 - - [25/Jun/2019:20:27:52 +0800] "POST /main/druid/weburi.json?orderBy=URI&orderType=desc&page=1&perPageCount=1000000& HTTP/1.1" 200 13694 0.000
- 0:0:0:0:0:0:0:1 - - [25/Jun/2019:20:27:58 +0800] "POST /main/druid/weburi.json?orderBy=URI&orderType=desc&page=1&perPageCount=1000000& HTTP/1.1" 200 13694 0.000
- 0:0:0:0:0:0:0:1 - - [25/Jun/2019:20:28:04 +0800] "POST /main/druid/weburi.json?orderBy=URI&orderType=desc&page=1&perPageCount=1000000& HTTP/1.1" 200 13694 0.000
- 0:0:0:0:0:0:0:1 - - [25/Jun/2019:20:28:10 +0800] "POST /main/druid/weburi.json?orderBy=URI&orderType=desc&page=1&perPageCount=1000000& HTTP/1.1" 200 13694 0.000
- 0:0:0:0:0:0:0:1 - - [25/Jun/2019:20:28:16 +0800] "POST /main/druid/weburi.json?orderBy=URI&orderType=desc&page=1&perPageCount=1000000& HTTP/1.1" 200 13694 0.000
- 0:0:0:0:0:0:0:1 - - [25/Jun/2019:20:28:22 +0800] "POST /main/druid/weburi.json?orderBy=URI&orderType=desc&page=1&perPageCount=1000000& HTTP/1.1" 200 13694 0.000
- 0:0:0:0:0:0:0:1 - - [25/Jun/2019:20:28:28 +0800] "POST /main/druid/weburi.json?orderBy=URI&orderType=desc&page=1&perPageCount=1000000& HTTP/1.1" 200 13694 0.000
- 0:0:0:0:0:0:0:1 - - [25/Jun/2019:20:28:34 +0800] "POST /main/druid/weburi.json?orderBy=URI&orderType=desc&page=1&perPageCount=1000000& HTTP/1.1" 200 13694 0.000
- 0:0:0:0:0:0:0:1 - - [25/Jun/2019:20:28:40 +0800] "POST /main/druid/weburi.json?orderBy=URI&orderType=desc&page=1&perPageCount=1000000& HTTP/1.1" 200 13694 0.000
- 0:0:0:0:0:0:0:1 - - [25/Jun/2019:20:28:46 +0800] "POST /main/druid/weburi.json?orderBy=URI&orderType=desc&page=1&perPageCount=1000000& HTTP/1.1" 200 13694 0.000
- 0:0:0:0:0:0:0:1 - - [25/Jun/2019:20:28:52 +0800] "POST /main/druid/weburi.json?orderBy=URI&orderType=desc&page=1&perPageCount=1000000& HTTP/1.1" 200 13694 0.000
- 0:0:0:0:0:0:0:1 - - [25/Jun/2019:20:28:58 +0800] "POST /main/druid/weburi.json?orderBy=URI&orderType=desc&page=1&perPageCount=1000000& HTTP/1.1" 200 13694 0.000
- 0:0:0:0:0:0:0:1 - - [25/Jun/2019:20:29:04 +0800] "POST /main/druid/weburi.json?orderBy=URI&orderType=desc&page=1&perPageCount=1000000& HTTP/1.1" 200 13694 0.000
- 0:0:0:0:0:0:0:1 - - [25/Jun/2019:20:29:10 +0800] "POST /main/druid/weburi.json?orderBy=URI&orderType=desc&page=1&perPageCount=1000000& HTTP/1.1" 200 13694 0.000
- 0:0:0:0:0:0:0:1 - - [25/Jun/2019:20:29:16 +0800] "POST /main/druid/weburi.json?orderBy=URI&orderType=desc&page=1&perPageCount=1000000& HTTP/1.1" 200 13694 0.000
- 0:0:0:0:0:0:0:1 - - [25/Jun/2019:20:29:22 +0800] "POST /main/druid/weburi.json?orderBy=URI&orderType=desc&page=1&perPageCount=1000000& HTTP/1.1" 200 13694 0.000
- 0:0:0:0:0:0:0:1 - - [25/Jun/2019:20:29:28 +0800] "POST /main/druid/weburi.json?orderBy=URI&orderType=desc&page=1&perPageCount=1000000& HTTP/1.1" 200 13694 0.000
- 0:0:0:0:0:0:0:1 - - [25/Jun/2019:20:29:34 +0800] "POST /main/druid/weburi.json?orderBy=URI&orderType=desc&page=1&perPageCount=1000000& HTTP/1.1" 200 13694 0.004
- 0:0:0:0:0:0:0:1 - - [25/Jun/2019:20:29:40 +0800] "POST /main/druid/weburi.json?orderBy=URI&orderType=desc&page=1&perPageCount=1000000& HTTP/1.1" 200 13694 0.000
- 0:0:0:0:0:0:0:1 - - [25/Jun/2019:20:29:46 +0800] "POST /main/druid/weburi.json?orderBy=URI&orderType=desc&page=1&perPageCount=1000000& HTTP/1.1" 200 13694 0.000
- 0:0:0:0:0:0:0:1 - - [25/Jun/2019:20:29:52 +0800] "POST /main/druid/weburi.json?orderBy=URI&orderType=desc&page=1&perPageCount=1000000& HTTP/1.1" 200 13694 0.000
- 0:0:0:0:0:0:0:1 - - [25/Jun/2019:20:29:58 +0800] "POST /main/druid/weburi.json?orderBy=URI&orderType=desc&page=1&perPageCount=1000000& HTTP/1.1" 200 13694 0.000
- 0:0:0:0:0:0:0:1 - - [25/Jun/2019:20:30:04 +0800] "POST /main/druid/weburi.json?orderBy=URI&orderType=desc&page=1&perPageCount=1000000& HTTP/1.1" 200 13694 0.000
- 0:0:0:0:0:0:0:1 - - [25/Jun/2019:20:30:10 +0800] "POST /main/druid/weburi.json?orderBy=URI&orderType=desc&page=1&perPageCount=1000000& HTTP/1.1" 200 13694 0.000
- 0:0:0:0:0:0:0:1 - - [25/Jun/2019:20:30:16 +0800] "POST /main/druid/weburi.json?orderBy=URI&orderType=desc&page=1&perPageCount=1000000& HTTP/1.1" 200 13694 0.000
- 0:0:0:0:0:0:0:1 - - [25/Jun/2019:20:30:22 +0800] "POST /main/druid/weburi.json?orderBy=URI&orderType=desc&page=1&perPageCount=1000000& HTTP/1.1" 200 13694 0.000
- 0:0:0:0:0:0:0:1 - - [25/Jun/2019:20:30:28 +0800] "POST /main/druid/weburi.json?orderBy=URI&orderType=desc&page=1&perPageCount=1000000& HTTP/1.1" 200 13694 0.000
- 0:0:0:0:0:0:0:1 - - [25/Jun/2019:20:30:34 +0800] "POST /main/druid/weburi.json?orderBy=URI&orderType=desc&page=1&perPageCount=1000000& HTTP/1.1" 200 13694 0.000
- 0:0:0:0:0:0:0:1 - - [25/Jun/2019:20:30:40 +0800] "POST /main/druid/weburi.json?orderBy=URI&orderType=desc&page=1&perPageCount=1000000& HTTP/1.1" 200 13694 0.000
- 0:0:0:0:0:0:0:1 - - [25/Jun/2019:20:30:46 +0800] "POST /main/druid/weburi.json?orderBy=URI&orderType=desc&page=1&perPageCount=1000000& HTTP/1.1" 200 13694 0.000
- 0:0:0:0:0:0:0:1 - - [25/Jun/2019:20:30:52 +0800] "POST /main/druid/weburi.json?orderBy=URI&orderType=desc&page=1&perPageCount=1000000& HTTP/1.1" 200 13694 0.000
- 0:0:0:0:0:0:0:1 - - [25/Jun/2019:20:30:58 +0800] "POST /main/druid/weburi.json?orderBy=URI&orderType=desc&page=1&perPageCount=1000000& HTTP/1.1" 200 13694 0.000
- 0:0:0:0:0:0:0:1 - - [25/Jun/2019:20:31:04 +0800] "POST /main/druid/weburi.json?orderBy=URI&orderType=desc&page=1&perPageCount=1000000& HTTP/1.1" 200 13694 0.000
- 0:0:0:0:0:0:0:1 - - [25/Jun/2019:20:31:10 +0800] "POST /main/druid/weburi.json?orderBy=URI&orderType=desc&page=1&perPageCount=1000000& HTTP/1.1" 200 13694 0.000
- 0:0:0:0:0:0:0:1 - - [25/Jun/2019:20:31:16 +0800] "POST /main/druid/weburi.json?orderBy=URI&orderType=desc&page=1&perPageCount=1000000& HTTP/1.1" 200 13694 0.000
- 0:0:0:0:0:0:0:1 - - [25/Jun/2019:20:31:22 +0800] "POST /main/druid/weburi.json?orderBy=URI&orderType=desc&page=1&perPageCount=1000000& HTTP/1.1" 200 13694 0.000
- 0:0:0:0:0:0:0:1 - - [25/Jun/2019:20:31:28 +0800] "POST /main/druid/weburi.json?orderBy=URI&orderType=desc&page=1&perPageCount=1000000& HTTP/1.1" 200 13694 0.000
- 0:0:0:0:0:0:0:1 - - [25/Jun/2019:20:31:34 +0800] "POST /main/druid/weburi.json?orderBy=URI&orderType=desc&page=1&perPageCount=1000000& HTTP/1.1" 200 13694 0.000
- 0:0:0:0:0:0:0:1 - - [25/Jun/2019:20:31:40 +0800] "POST /main/druid/weburi.json?orderBy=URI&orderType=desc&page=1&perPageCount=1000000& HTTP/1.1" 200 13694 0.000
- 0:0:0:0:0:0:0:1 - - [25/Jun/2019:20:31:46 +0800] "POST /main/druid/weburi.json?orderBy=URI&orderType=desc&page=1&perPageCount=1000000& HTTP/1.1" 200 13694 0.000
- 0:0:0:0:0:0:0:1 - - [25/Jun/2019:20:31:52 +0800] "POST /main/druid/weburi.json?orderBy=URI&orderType=desc&page=1&perPageCount=1000000& HTTP/1.1" 200 13694 0.000
- 0:0:0:0:0:0:0:1 - - [25/Jun/2019:20:31:58 +0800] "POST /main/druid/weburi.json?orderBy=URI&orderType=desc&page=1&perPageCount=1000000& HTTP/1.1" 200 13694 0.000
- 0:0:0:0:0:0:0:1 - - [25/Jun/2019:20:32:04 +0800] "POST /main/druid/weburi.json?orderBy=URI&orderType=desc&page=1&perPageCount=1000000& HTTP/1.1" 200 13694 0.000
- 0:0:0:0:0:0:0:1 - - [25/Jun/2019:20:32:10 +0800] "POST /main/druid/weburi.json?orderBy=URI&orderType=desc&page=1&perPageCount=1000000& HTTP/1.1" 200 13694 0.000
- 0:0:0:0:0:0:0:1 - - [25/Jun/2019:20:32:16 +0800] "POST /main/druid/weburi.json?orderBy=URI&orderType=desc&page=1&perPageCount=1000000& HTTP/1.1" 200 13694 0.000
- 0:0:0:0:0:0:0:1 - - [25/Jun/2019:20:32:22 +0800] "POST /main/druid/weburi.json?orderBy=URI&orderType=desc&page=1&perPageCount=1000000& HTTP/1.1" 200 13694 0.000
- 0:0:0:0:0:0:0:1 - - [25/Jun/2019:20:32:28 +0800] "POST /main/druid/weburi.json?orderBy=URI&orderType=desc&page=1&perPageCount=1000000& HTTP/1.1" 200 13694 0.000
- 0:0:0:0:0:0:0:1 - - [25/Jun/2019:20:32:34 +0800] "POST /main/druid/weburi.json?orderBy=URI&orderType=desc&page=1&perPageCount=1000000& HTTP/1.1" 200 13694 0.000
- 0:0:0:0:0:0:0:1 - - [25/Jun/2019:20:32:40 +0800] "POST /main/druid/weburi.json?orderBy=URI&orderType=desc&page=1&perPageCount=1000000& HTTP/1.1" 200 13694 0.000
- 0:0:0:0:0:0:0:1 - - [25/Jun/2019:20:32:46 +0800] "POST /main/druid/weburi.json?orderBy=URI&orderType=desc&page=1&perPageCount=1000000& HTTP/1.1" 200 13694 0.000
- 0:0:0:0:0:0:0:1 - - [25/Jun/2019:20:32:52 +0800] "POST /main/druid/weburi.json?orderBy=URI&orderType=desc&page=1&perPageCount=1000000& HTTP/1.1" 200 13694 0.000
- 0:0:0:0:0:0:0:1 - - [25/Jun/2019:20:32:58 +0800] "POST /main/druid/weburi.json?orderBy=URI&orderType=desc&page=1&perPageCount=1000000& HTTP/1.1" 200 13694 0.000
- 0:0:0:0:0:0:0:1 - - [25/Jun/2019:20:33:04 +0800] "POST /main/druid/weburi.json?orderBy=URI&orderType=desc&page=1&perPageCount=1000000& HTTP/1.1" 200 13694 0.000
- 0:0:0:0:0:0:0:1 - - [25/Jun/2019:20:33:10 +0800] "POST /main/druid/weburi.json?orderBy=URI&orderType=desc&page=1&perPageCount=1000000& HTTP/1.1" 200 13694 0.000
- 0:0:0:0:0:0:0:1 - - [25/Jun/2019:20:33:16 +0800] "POST /main/druid/weburi.json?orderBy=URI&orderType=desc&page=1&perPageCount=1000000& HTTP/1.1" 200 13695 0.000
- 0:0:0:0:0:0:0:1 - - [25/Jun/2019:20:33:22 +0800] "POST /main/druid/weburi.json?orderBy=URI&orderType=desc&page=1&perPageCount=1000000& HTTP/1.1" 200 13695 0.000
- 0:0:0:0:0:0:0:1 - - [25/Jun/2019:20:33:28 +0800] "POST /main/druid/weburi.json?orderBy=URI&orderType=desc&page=1&perPageCount=1000000& HTTP/1.1" 200 13695 0.000
- 0:0:0:0:0:0:0:1 - - [25/Jun/2019:20:33:34 +0800] "POST /main/druid/weburi.json?orderBy=URI&orderType=desc&page=1&perPageCount=1000000& HTTP/1.1" 200 13696 0.000
- 0:0:0:0:0:0:0:1 - - [25/Jun/2019:20:33:40 +0800] "POST /main/druid/weburi.json?orderBy=URI&orderType=desc&page=1&perPageCount=1000000& HTTP/1.1" 200 13696 0.000
- 0:0:0:0:0:0:0:1 - - [25/Jun/2019:20:33:46 +0800] "POST /main/druid/weburi.json?orderBy=URI&orderType=desc&page=1&perPageCount=1000000& HTTP/1.1" 200 13696 0.000
- 0:0:0:0:0:0:0:1 - - [25/Jun/2019:20:33:52 +0800] "POST /main/druid/weburi.json?orderBy=URI&orderType=desc&page=1&perPageCount=1000000& HTTP/1.1" 200 13696 0.000
- 0:0:0:0:0:0:0:1 - - [25/Jun/2019:20:33:58 +0800] "POST /main/druid/weburi.json?orderBy=URI&orderType=desc&page=1&perPageCount=1000000& HTTP/1.1" 200 13696 0.000
- 0:0:0:0:0:0:0:1 - - [25/Jun/2019:20:34:04 +0800] "POST /main/druid/weburi.json?orderBy=URI&orderType=desc&page=1&perPageCount=1000000& HTTP/1.1" 200 13696 0.000
- 0:0:0:0:0:0:0:1 - - [25/Jun/2019:20:34:10 +0800] "POST /main/druid/weburi.json?orderBy=URI&orderType=desc&page=1&perPageCount=1000000& HTTP/1.1" 200 13696 0.000
- 0:0:0:0:0:0:0:1 - - [25/Jun/2019:20:34:16 +0800] "POST /main/druid/weburi.json?orderBy=URI&orderType=desc&page=1&perPageCount=1000000& HTTP/1.1" 200 13696 0.000
- 0:0:0:0:0:0:0:1 - - [25/Jun/2019:20:34:22 +0800] "POST /main/druid/weburi.json?orderBy=URI&orderType=desc&page=1&perPageCount=1000000& HTTP/1.1" 200 13696 0.000
- 0:0:0:0:0:0:0:1 - - [25/Jun/2019:20:34:28 +0800] "POST /main/druid/weburi.json?orderBy=URI&orderType=desc&page=1&perPageCount=1000000& HTTP/1.1" 200 13696 0.000
- 0:0:0:0:0:0:0:1 - - [25/Jun/2019:20:34:34 +0800] "POST /main/druid/weburi.json?orderBy=URI&orderType=desc&page=1&perPageCount=1000000& HTTP/1.1" 200 13696 0.000
- 0:0:0:0:0:0:0:1 - - [25/Jun/2019:20:34:40 +0800] "POST /main/druid/weburi.json?orderBy=URI&orderType=desc&page=1&perPageCount=1000000& HTTP/1.1" 200 13696 0.000
- 0:0:0:0:0:0:0:1 - - [25/Jun/2019:20:34:46 +0800] "POST /main/druid/weburi.json?orderBy=URI&orderType=desc&page=1&perPageCount=1000000& HTTP/1.1" 200 13696 0.000
- 0:0:0:0:0:0:0:1 - - [25/Jun/2019:20:34:52 +0800] "POST /main/druid/weburi.json?orderBy=URI&orderType=desc&page=1&perPageCount=1000000& HTTP/1.1" 200 13696 0.000
- 0:0:0:0:0:0:0:1 - - [25/Jun/2019:20:34:58 +0800] "POST /main/druid/weburi.json?orderBy=URI&orderType=desc&page=1&perPageCount=1000000& HTTP/1.1" 200 13696 0.000
- 0:0:0:0:0:0:0:1 - - [25/Jun/2019:20:35:04 +0800] "POST /main/druid/weburi.json?orderBy=URI&orderType=desc&page=1&perPageCount=1000000& HTTP/1.1" 200 13696 0.000
- 0:0:0:0:0:0:0:1 - - [25/Jun/2019:20:35:10 +0800] "POST /main/druid/weburi.json?orderBy=URI&orderType=desc&page=1&perPageCount=1000000& HTTP/1.1" 200 13696 0.000
- 0:0:0:0:0:0:0:1 - - [25/Jun/2019:20:35:16 +0800] "POST /main/druid/weburi.json?orderBy=URI&orderType=desc&page=1&perPageCount=1000000& HTTP/1.1" 200 13696 0.000
- 0:0:0:0:0:0:0:1 - - [25/Jun/2019:20:35:22 +0800] "POST /main/druid/weburi.json?orderBy=URI&orderType=desc&page=1&perPageCount=1000000& HTTP/1.1" 200 13696 0.000
- 0:0:0:0:0:0:0:1 - - [25/Jun/2019:20:35:28 +0800] "POST /main/druid/weburi.json?orderBy=URI&orderType=desc&page=1&perPageCount=1000000& HTTP/1.1" 200 13696 0.000
- 0:0:0:0:0:0:0:1 - - [25/Jun/2019:20:35:34 +0800] "POST /main/druid/weburi.json?orderBy=URI&orderType=desc&page=1&perPageCount=1000000& HTTP/1.1" 200 13696 0.000
- 0:0:0:0:0:0:0:1 - - [25/Jun/2019:20:35:40 +0800] "POST /main/druid/weburi.json?orderBy=URI&orderType=desc&page=1&perPageCount=1000000& HTTP/1.1" 200 13696 0.000
- 0:0:0:0:0:0:0:1 - - [25/Jun/2019:20:35:46 +0800] "POST /main/druid/weburi.json?orderBy=URI&orderType=desc&page=1&perPageCount=1000000& HTTP/1.1" 200 13696 0.000
- 0:0:0:0:0:0:0:1 - - [25/Jun/2019:20:35:52 +0800] "POST /main/druid/weburi.json?orderBy=URI&orderType=desc&page=1&perPageCount=1000000& HTTP/1.1" 200 13696 0.000
- 0:0:0:0:0:0:0:1 - - [25/Jun/2019:20:35:58 +0800] "POST /main/druid/weburi.json?orderBy=URI&orderType=desc&page=1&perPageCount=1000000& HTTP/1.1" 200 13696 0.000
- 0:0:0:0:0:0:0:1 - - [25/Jun/2019:20:36:04 +0800] "POST /main/druid/weburi.json?orderBy=URI&orderType=desc&page=1&perPageCount=1000000& HTTP/1.1" 200 13696 0.000
- 0:0:0:0:0:0:0:1 - - [25/Jun/2019:20:36:10 +0800] "POST /main/druid/weburi.json?orderBy=URI&orderType=desc&page=1&perPageCount=1000000& HTTP/1.1" 200 13697 0.000
- 0:0:0:0:0:0:0:1 - - [25/Jun/2019:20:36:16 +0800] "POST /main/druid/weburi.json?orderBy=URI&orderType=desc&page=1&perPageCount=1000000& HTTP/1.1" 200 13697 0.000
- 0:0:0:0:0:0:0:1 - - [25/Jun/2019:20:36:22 +0800] "POST /main/druid/weburi.json?orderBy=URI&orderType=desc&page=1&perPageCount=1000000& HTTP/1.1" 200 13697 0.000
- 0:0:0:0:0:0:0:1 - - [25/Jun/2019:20:36:28 +0800] "POST /main/druid/weburi.json?orderBy=URI&orderType=desc&page=1&perPageCount=1000000& HTTP/1.1" 200 13697 0.000
- 0:0:0:0:0:0:0:1 - - [25/Jun/2019:20:36:34 +0800] "POST /main/druid/weburi.json?orderBy=URI&orderType=desc&page=1&perPageCount=1000000& HTTP/1.1" 200 13697 0.000
- 0:0:0:0:0:0:0:1 - - [25/Jun/2019:20:36:40 +0800] "POST /main/druid/weburi.json?orderBy=URI&orderType=desc&page=1&perPageCount=1000000& HTTP/1.1" 200 13697 0.000
- 0:0:0:0:0:0:0:1 - - [25/Jun/2019:20:36:46 +0800] "POST /main/druid/weburi.json?orderBy=URI&orderType=desc&page=1&perPageCount=1000000& HTTP/1.1" 200 13697 0.000
- 0:0:0:0:0:0:0:1 - - [25/Jun/2019:20:36:52 +0800] "POST /main/druid/weburi.json?orderBy=URI&orderType=desc&page=1&perPageCount=1000000& HTTP/1.1" 200 13697 0.000
- 0:0:0:0:0:0:0:1 - - [25/Jun/2019:20:36:58 +0800] "POST /main/druid/weburi.json?orderBy=URI&orderType=desc&page=1&perPageCount=1000000& HTTP/1.1" 200 13697 0.000
- 0:0:0:0:0:0:0:1 - - [25/Jun/2019:20:37:04 +0800] "POST /main/druid/weburi.json?orderBy=URI&orderType=desc&page=1&perPageCount=1000000& HTTP/1.1" 200 13697 0.000
- 0:0:0:0:0:0:0:1 - - [25/Jun/2019:20:37:10 +0800] "POST /main/druid/weburi.json?orderBy=URI&orderType=desc&page=1&perPageCount=1000000& HTTP/1.1" 200 13697 0.000
- 0:0:0:0:0:0:0:1 - - [25/Jun/2019:20:37:16 +0800] "POST /main/druid/weburi.json?orderBy=URI&orderType=desc&page=1&perPageCount=1000000& HTTP/1.1" 200 13697 0.000
- 0:0:0:0:0:0:0:1 - - [25/Jun/2019:20:37:22 +0800] "POST /main/druid/weburi.json?orderBy=URI&orderType=desc&page=1&perPageCount=1000000& HTTP/1.1" 200 13697 0.000
- 0:0:0:0:0:0:0:1 - - [25/Jun/2019:20:37:28 +0800] "POST /main/druid/weburi.json?orderBy=URI&orderType=desc&page=1&perPageCount=1000000& HTTP/1.1" 200 13697 0.000
- 0:0:0:0:0:0:0:1 - - [25/Jun/2019:20:37:34 +0800] "POST /main/druid/weburi.json?orderBy=URI&orderType=desc&page=1&perPageCount=1000000& HTTP/1.1" 200 13697 0.000
- 0:0:0:0:0:0:0:1 - - [25/Jun/2019:20:37:40 +0800] "POST /main/druid/weburi.json?orderBy=URI&orderType=desc&page=1&perPageCount=1000000& HTTP/1.1" 200 13697 0.000
- 0:0:0:0:0:0:0:1 - - [25/Jun/2019:20:37:46 +0800] "POST /main/druid/weburi.json?orderBy=URI&orderType=desc&page=1&perPageCount=1000000& HTTP/1.1" 200 13697 0.000
- 0:0:0:0:0:0:0:1 - - [25/Jun/2019:20:37:52 +0800] "POST /main/druid/weburi.json?orderBy=URI&orderType=desc&page=1&perPageCount=1000000& HTTP/1.1" 200 13697 0.000
- 0:0:0:0:0:0:0:1 - - [25/Jun/2019:20:37:58 +0800] "POST /main/druid/weburi.json?orderBy=URI&orderType=desc&page=1&perPageCount=1000000& HTTP/1.1" 200 13697 0.000
- 0:0:0:0:0:0:0:1 - - [25/Jun/2019:20:38:04 +0800] "POST /main/druid/weburi.json?orderBy=URI&orderType=desc&page=1&perPageCount=1000000& HTTP/1.1" 200 13697 0.000
- 0:0:0:0:0:0:0:1 - - [25/Jun/2019:20:38:10 +0800] "POST /main/druid/weburi.json?orderBy=URI&orderType=desc&page=1&perPageCount=1000000& HTTP/1.1" 200 13697 0.000
- 0:0:0:0:0:0:0:1 - - [25/Jun/2019:20:38:16 +0800] "POST /main/druid/weburi.json?orderBy=URI&orderType=desc&page=1&perPageCount=1000000& HTTP/1.1" 200 13697 0.000
- 0:0:0:0:0:0:0:1 - - [25/Jun/2019:20:38:22 +0800] "POST /main/druid/weburi.json?orderBy=URI&orderType=desc&page=1&perPageCount=1000000& HTTP/1.1" 200 13697 0.000
- 0:0:0:0:0:0:0:1 - - [25/Jun/2019:20:38:28 +0800] "POST /main/druid/weburi.json?orderBy=URI&orderType=desc&page=1&perPageCount=1000000& HTTP/1.1" 200 13697 0.000
- 127.0.0.1 - - [25/Jun/2019:20:38:29 +0800] "GET /jzt/??libs/temp/2.0.0/_J.min.js,libs/temp/2.0.0/adcookie.min.js,libs/temp/2.0.0/conf.min.js,libs/temp/2.0.0/unslider.min.js,libs/temp/2.0.0/util.min.js HTTP/1.1" 404 796 0.015
- 127.0.0.1 - - [25/Jun/2019:20:38:29 +0800] "GET /jzt/libs/behavior/v2/behavior.js HTTP/1.1" 404 796 0.015
- 0:0:0:0:0:0:0:1 - - [25/Jun/2019:20:38:34 +0800] "POST /main/druid/weburi.json?orderBy=URI&orderType=desc&page=1&perPageCount=1000000& HTTP/1.1" 200 13697 0.000
- 0:0:0:0:0:0:0:1 - - [25/Jun/2019:20:38:40 +0800] "POST /main/druid/weburi.json?orderBy=URI&orderType=desc&page=1&perPageCount=1000000& HTTP/1.1" 200 13697 0.000
- 0:0:0:0:0:0:0:1 - - [25/Jun/2019:20:38:46 +0800] "POST /main/druid/weburi.json?orderBy=URI&orderType=desc&page=1&perPageCount=1000000& HTTP/1.1" 200 13697 0.000
- 0:0:0:0:0:0:0:1 - - [25/Jun/2019:20:38:52 +0800] "POST /main/druid/weburi.json?orderBy=URI&orderType=desc&page=1&perPageCount=1000000& HTTP/1.1" 200 13697 0.000
- 0:0:0:0:0:0:0:1 - - [25/Jun/2019:20:38:58 +0800] "POST /main/druid/weburi.json?orderBy=URI&orderType=desc&page=1&perPageCount=1000000& HTTP/1.1" 200 13697 0.000
- 0:0:0:0:0:0:0:1 - - [25/Jun/2019:20:39:04 +0800] "POST /main/druid/weburi.json?orderBy=URI&orderType=desc&page=1&perPageCount=1000000& HTTP/1.1" 200 13697 0.000
- 0:0:0:0:0:0:0:1 - - [25/Jun/2019:20:39:10 +0800] "POST /main/druid/weburi.json?orderBy=URI&orderType=desc&page=1&perPageCount=1000000& HTTP/1.1" 200 13697 0.000
- 0:0:0:0:0:0:0:1 - - [25/Jun/2019:20:39:16 +0800] "POST /main/druid/weburi.json?orderBy=URI&orderType=desc&page=1&perPageCount=1000000& HTTP/1.1" 200 13697 0.000
- 0:0:0:0:0:0:0:1 - - [25/Jun/2019:20:39:22 +0800] "POST /main/druid/weburi.json?orderBy=URI&orderType=desc&page=1&perPageCount=1000000& HTTP/1.1" 200 13697 0.000
- 0:0:0:0:0:0:0:1 - - [25/Jun/2019:20:39:28 +0800] "POST /main/druid/weburi.json?orderBy=URI&orderType=desc&page=1&perPageCount=1000000& HTTP/1.1" 200 13697 0.000
- 0:0:0:0:0:0:0:1 - - [25/Jun/2019:20:39:34 +0800] "POST /main/druid/weburi.json?orderBy=URI&orderType=desc&page=1&perPageCount=1000000& HTTP/1.1" 200 13697 0.000
- 0:0:0:0:0:0:0:1 - - [25/Jun/2019:20:39:40 +0800] "POST /main/druid/weburi.json?orderBy=URI&orderType=desc&page=1&perPageCount=1000000& HTTP/1.1" 200 13697 0.000
- 0:0:0:0:0:0:0:1 - - [25/Jun/2019:20:39:46 +0800] "POST /main/druid/weburi.json?orderBy=URI&orderType=desc&page=1&perPageCount=1000000& HTTP/1.1" 200 13697 0.000
- 0:0:0:0:0:0:0:1 - - [25/Jun/2019:20:39:52 +0800] "POST /main/druid/weburi.json?orderBy=URI&orderType=desc&page=1&perPageCount=1000000& HTTP/1.1" 200 13697 0.000
- 0:0:0:0:0:0:0:1 - - [25/Jun/2019:20:39:58 +0800] "POST /main/druid/weburi.json?orderBy=URI&orderType=desc&page=1&perPageCount=1000000& HTTP/1.1" 200 13697 0.000
- 0:0:0:0:0:0:0:1 - - [25/Jun/2019:20:40:04 +0800] "POST /main/druid/weburi.json?orderBy=URI&orderType=desc&page=1&perPageCount=1000000& HTTP/1.1" 200 13697 0.000
- 0:0:0:0:0:0:0:1 - - [25/Jun/2019:20:40:10 +0800] "POST /main/druid/weburi.json?orderBy=URI&orderType=desc&page=1&perPageCount=1000000& HTTP/1.1" 200 13697 0.000
- 0:0:0:0:0:0:0:1 - - [25/Jun/2019:20:40:16 +0800] "POST /main/druid/weburi.json?orderBy=URI&orderType=desc&page=1&perPageCount=1000000& HTTP/1.1" 200 13697 0.000
- 0:0:0:0:0:0:0:1 - - [25/Jun/2019:20:40:22 +0800] "POST /main/druid/weburi.json?orderBy=URI&orderType=desc&page=1&perPageCount=1000000& HTTP/1.1" 200 13697 0.000
- 0:0:0:0:0:0:0:1 - - [25/Jun/2019:20:40:28 +0800] "POST /main/druid/weburi.json?orderBy=URI&orderType=desc&page=1&perPageCount=1000000& HTTP/1.1" 200 13697 0.000
- 0:0:0:0:0:0:0:1 - - [25/Jun/2019:20:40:34 +0800] "POST /main/druid/weburi.json?orderBy=URI&orderType=desc&page=1&perPageCount=1000000& HTTP/1.1" 200 13697 0.000
- 0:0:0:0:0:0:0:1 - - [25/Jun/2019:20:40:40 +0800] "POST /main/druid/weburi.json?orderBy=URI&orderType=desc&page=1&perPageCount=1000000& HTTP/1.1" 200 13697 0.000
- 0:0:0:0:0:0:0:1 - - [25/Jun/2019:20:40:46 +0800] "POST /main/druid/weburi.json?orderBy=URI&orderType=desc&page=1&perPageCount=1000000& HTTP/1.1" 200 13697 0.000
- 0:0:0:0:0:0:0:1 - - [25/Jun/2019:20:40:52 +0800] "POST /main/druid/weburi.json?orderBy=URI&orderType=desc&page=1&perPageCount=1000000& HTTP/1.1" 200 13697 0.000
- 0:0:0:0:0:0:0:1 - - [25/Jun/2019:20:40:58 +0800] "POST /main/druid/weburi.json?orderBy=URI&orderType=desc&page=1&perPageCount=1000000& HTTP/1.1" 200 13697 0.000
- 0:0:0:0:0:0:0:1 - - [25/Jun/2019:20:41:04 +0800] "POST /main/druid/weburi.json?orderBy=URI&orderType=desc&page=1&perPageCount=1000000& HTTP/1.1" 200 13697 0.000
- 0:0:0:0:0:0:0:1 - - [25/Jun/2019:20:41:10 +0800] "POST /main/druid/weburi.json?orderBy=URI&orderType=desc&page=1&perPageCount=1000000& HTTP/1.1" 200 13697 0.000
- 0:0:0:0:0:0:0:1 - - [25/Jun/2019:20:41:15 +0800] "POST /main/druid/weburi.json?orderBy=URI&orderType=desc&page=1&perPageCount=1000000& HTTP/1.1" 200 13697 0.000
- 0:0:0:0:0:0:0:1 - - [25/Jun/2019:20:41:20 +0800] "POST /main/druid/weburi.json?orderBy=URI&orderType=desc&page=1&perPageCount=1000000& HTTP/1.1" 200 13697 0.000
- 0:0:0:0:0:0:0:1 - - [25/Jun/2019:20:41:25 +0800] "POST /main/druid/weburi.json?orderBy=URI&orderType=desc&page=1&perPageCount=1000000& HTTP/1.1" 200 13697 0.003
- 0:0:0:0:0:0:0:1 - - [25/Jun/2019:20:41:27 +0800] "GET /main/sendtoAll HTTP/1.1" 404 162 0.108
- 0:0:0:0:0:0:0:1 - - [25/Jun/2019:20:41:36 +0800] "GET /main/sendToAll HTTP/1.1" 200 - 0.021
- 0:0:0:0:0:0:0:1 - - [25/Jun/2019:20:41:52 +0800] "GET /main/websocket HTTP/1.1" 200 2008 0.005
- 0:0:0:0:0:0:0:1 - - [25/Jun/2019:20:41:52 +0800] "GET /main/websocket/0 HTTP/1.1" 101 - 0.002
- 0:0:0:0:0:0:0:1 - - [25/Jun/2019:20:41:56 +0800] "GET /main/sendToAll HTTP/1.1" 200 - 0.006
- 0:0:0:0:0:0:0:1 - - [25/Jun/2019:20:42:00 +0800] "GET /main/sendToAll HTTP/1.1" 200 - 0.005
- 127.0.0.1 - - [25/Jun/2019:21:08:32 +0800] "GET /jzt/??libs/temp/2.0.0/_J.min.js,libs/temp/2.0.0/adcookie.min.js,libs/temp/2.0.0/conf.min.js,libs/temp/2.0.0/unslider.min.js,libs/temp/2.0.0/util.min.js HTTP/1.1" 404 796 0.000
- 127.0.0.1 - - [25/Jun/2019:21:08:32 +0800] "GET /jzt/libs/behavior/v2/behavior.js HTTP/1.1" 404 796 0.000
- 127.0.0.1 - - [25/Jun/2019:22:08:35 +0800] "GET /jzt/libs/behavior/v2/behavior.js HTTP/1.1" 404 796 0.000
- 127.0.0.1 - - [25/Jun/2019:22:08:35 +0800] "GET /jzt/??libs/temp/2.0.0/_J.min.js,libs/temp/2.0.0/adcookie.min.js,libs/temp/2.0.0/conf.min.js,libs/temp/2.0.0/unslider.min.js,libs/temp/2.0.0/util.min.js HTTP/1.1" 404 796 0.000
- 0:0:0:0:0:0:0:1 - - [25/Jun/2019:22:30:51 +0800] "GET /main/ HTTP/1.1" 200 747 0.351
- 0:0:0:0:0:0:0:1 - - [25/Jun/2019:22:30:51 +0800] "GET /main/imgcode/othersImg?content=laia,who%20pa%20who? HTTP/1.1" 200 13605 0.170
- 0:0:0:0:0:0:0:1 - - [25/Jun/2019:22:30:51 +0800] "GET /main/imgcode/checkCode HTTP/1.1" 200 1976 0.244
- 0:0:0:0:0:0:0:1 - - [25/Jun/2019:22:30:51 +0800] "GET /main/imgcode/imgWithPic HTTP/1.1" 200 29059 0.538
- 0:0:0:0:0:0:0:1 - - [25/Jun/2019:22:30:51 +0800] "GET /favicon.ico HTTP/1.1" 404 796 0.002
- 0:0:0:0:0:0:0:1 - - [25/Jun/2019:22:30:59 +0800] "GET /main/excel/output/0 HTTP/1.1" 200 11796 0.127
- 0:0:0:0:0:0:0:1 - - [25/Jun/2019:22:31:08 +0800] "GET /main/swagger-resources/configuration/ui HTTP/1.1" 200 238 0.048
- 0:0:0:0:0:0:0:1 - - [25/Jun/2019:22:31:08 +0800] "GET /main/swagger-resources HTTP/1.1" 200 80 0.007
- 0:0:0:0:0:0:0:1 - - [25/Jun/2019:22:31:09 +0800] "GET /main/v2/api-docs HTTP/1.1" 200 15513 0.111
- 0:0:0:0:0:0:0:1 - - [25/Jun/2019:22:31:09 +0800] "GET /main/swagger-resources/configuration/security HTTP/1.1" 200 81 0.004
